\BOOKMARK [0][-]{chapter.1}{\376\377\000P\000r\000\341\000c\000t\000i\000c\000a\000\040\0000}{}% 1
\BOOKMARK [1][-]{section.1.1}{\376\377\000C\000l\000a\000s\000e\000\040\000F\000e\000c\000h\000a}{chapter.1}% 2
\BOOKMARK [2][-]{subsection.1.1.1}{\376\377\000F\000e\000c\000h\000a\000.\000h\000p\000p}{section.1.1}% 3
\BOOKMARK [2][-]{subsection.1.1.2}{\376\377\000F\000e\000c\000h\000a\000.\000c\000p\000p}{section.1.1}% 4
\BOOKMARK [1][-]{section.1.2}{\376\377\000C\000l\000a\000s\000e\000\040\000C\000a\000d\000e\000n\000a}{chapter.1}% 5
\BOOKMARK [2][-]{subsection.1.2.1}{\376\377\000C\000a\000d\000e\000n\000a\000.\000h\000p\000p}{section.1.2}% 6
\BOOKMARK [2][-]{subsection.1.2.2}{\376\377\000C\000a\000d\000e\000n\000a\000.\000c\000p\000p}{section.1.2}% 7
\BOOKMARK [0][-]{chapter.2}{\376\377\000P\000r\000\341\000c\000t\000i\000c\000a\000\040\0001}{}% 8
\BOOKMARK [1][-]{section.2.1}{\376\377\000C\000l\000a\000s\000e\000\040\000F\000e\000c\000h\000a}{chapter.2}% 9
\BOOKMARK [2][-]{subsection.2.1.1}{\376\377\000F\000e\000c\000h\000a\000.\000h\000p\000p\000\040\000m\000o\000d\000i\000f\000i\000c\000a\000d\000o}{section.2.1}% 10
\BOOKMARK [2][-]{subsection.2.1.2}{\376\377\000F\000e\000c\000h\000a\000.\000c\000p\000p\000\040\000m\000o\000d\000i\000f\000i\000c\000a\000d\000o}{section.2.1}% 11
\BOOKMARK [1][-]{section.2.2}{\376\377\000C\000l\000a\000s\000e\000\040\000C\000a\000d\000e\000n\000a}{chapter.2}% 12
\BOOKMARK [2][-]{subsection.2.2.1}{\376\377\000C\000a\000d\000e\000n\000a\000.\000h\000p\000p\000\040\000m\000o\000d\000i\000f\000i\000c\000a\000d\000a}{section.2.2}% 13
\BOOKMARK [2][-]{subsection.2.2.2}{\376\377\000C\000a\000d\000e\000n\000a\000.\000c\000p\000p\000\040\000m\000o\000d\000i\000f\000i\000c\000a\000d\000a}{section.2.2}% 14
\BOOKMARK [0][-]{chapter.3}{\376\377\000P\000r\000\341\000c\000t\000i\000c\000a\000\040\0002}{}% 15
\BOOKMARK [1][-]{section.3.1}{\376\377\000C\000l\000a\000s\000e\000\040\000A\000r\000t\000\355\000c\000u\000l\000o}{chapter.3}% 16
\BOOKMARK [2][-]{subsection.3.1.1}{\376\377\000A\000r\000t\000i\000c\000u\000l\000o\000.\000h\000p\000p}{section.3.1}% 17
\BOOKMARK [2][-]{subsection.3.1.2}{\376\377\000A\000r\000t\000i\000c\000u\000l\000o\000.\000c\000p\000p}{section.3.1}% 18
\BOOKMARK [1][-]{section.3.2}{\376\377\000C\000l\000a\000s\000e\000\040\000T\000a\000r\000j\000e\000t\000a\000\040\000y\000\040\000N\000\372\000m\000e\000r\000o}{chapter.3}% 19
\BOOKMARK [2][-]{subsection.3.2.1}{\376\377\000C\000l\000a\000s\000e\000\040\000N\000u\000m\000e\000r\000o}{section.3.2}% 20
\BOOKMARK [2][-]{subsection.3.2.2}{\376\377\000C\000l\000a\000s\000e\000\040\000T\000a\000r\000j\000e\000t\000a}{section.3.2}% 21
\BOOKMARK [1][-]{section.3.3}{\376\377\000C\000l\000a\000s\000e\000\040\000U\000s\000u\000a\000r\000i\000o\000\040\000y\000\040\000C\000l\000a\000v\000e}{chapter.3}% 22
\BOOKMARK [2][-]{subsection.3.3.1}{\376\377\000C\000l\000a\000s\000e\000\040\000C\000l\000a\000v\000e}{section.3.3}% 23
\BOOKMARK [2][-]{subsection.3.3.2}{\376\377\000C\000l\000a\000s\000e\000\040\000U\000s\000u\000a\000r\000i\000o}{section.3.3}% 24
\BOOKMARK [2][-]{subsection.3.3.3}{\376\377\000U\000s\000u\000a\000r\000i\000o\000.\000h\000p\000p}{section.3.3}% 25
\BOOKMARK [2][-]{subsection.3.3.4}{\376\377\000U\000s\000u\000a\000r\000i\000o\000.\000c\000p\000p}{section.3.3}% 26
