\BOOKMARK [0][-]{chapter.1}{\376\377\000I\000n\000t\000r\000o\000d\000u\000c\000c\000i\000\363\000n\000\040\000a\000\040\000\301\000r\000b\000o\000l\000e\000s}{}% 1
\BOOKMARK [1][-]{section.1.1}{\376\377\000D\000e\000f\000i\000n\000i\000c\000i\000\363\000n\000\040\000d\000e\000\040\000\341\000r\000b\000o\000l}{chapter.1}% 2
\BOOKMARK [1][-]{section.1.2}{\376\377\000D\000e\000f\000i\000n\000i\000c\000i\000o\000n\000e\000s}{chapter.1}% 3
\BOOKMARK [1][-]{section.1.3}{\376\377\000C\000o\000m\000p\000o\000n\000e\000n\000t\000e\000s\000\040\000d\000e\000\040\000u\000n\000\040\000\341\000r\000b\000o\000l}{chapter.1}% 4
\BOOKMARK [0][-]{chapter.2}{\376\377\000\301\000r\000b\000o\000l\000e\000s\000\040\000B\000i\000n\000a\000r\000i\000o\000s}{}% 5
\BOOKMARK [1][-]{section.2.1}{\376\377\000E\000s\000p\000e\000c\000i\000f\000i\000c\000a\000c\000i\000\363\000n\000\040\000d\000e\000l\000\040\000T\000A\000D\000\040\000\341\000r\000b\000o\000l\000\040\000b\000i\000n\000a\000r\000i\000o}{chapter.2}% 6
\BOOKMARK [1][-]{section.2.2}{\376\377\000I\000m\000p\000l\000e\000m\000e\000n\000t\000a\000c\000i\000o\000n\000e\000s\000\040\000d\000e\000l\000\040\000T\000A\000D\000\040\000\341\000r\000b\000o\000l\000\040\000b\000i\000n\000a\000r\000i\000o}{chapter.2}% 7
\BOOKMARK [2][-]{subsection.2.2.1}{\376\377\000I\000m\000p\000l\000e\000m\000e\000n\000t\000a\000c\000i\000\363\000n\000\040\000m\000e\000d\000i\000a\000n\000t\000e\000\040\000c\000e\000l\000d\000a\000s\000\040\000e\000n\000l\000a\000z\000a\000d\000a\000s}{section.2.2}% 8
\BOOKMARK [2][-]{subsection.2.2.2}{\376\377\000I\000m\000p\000l\000e\000m\000e\000n\000t\000a\000c\000i\000\363\000n\000\040\000v\000e\000c\000t\000o\000r\000i\000a\000l\000\040\000d\000e\000l\000\040\000T\000A\000D\000\040\000\341\000r\000b\000o\000l\000\040\000b\000i\000n\000a\000r\000i\000o}{section.2.2}% 9
\BOOKMARK [2][-]{subsection.2.2.3}{\376\377\000I\000m\000p\000l\000e\000m\000e\000n\000t\000a\000c\000i\000\363\000n\000\040\000m\000e\000d\000i\000a\000n\000t\000e\000\040\000v\000e\000c\000t\000o\000r\000\040\000d\000e\000\040\000p\000o\000s\000i\000c\000i\000o\000n\000e\000s\000\040\000r\000e\000l\000a\000t\000i\000v\000a\000s}{section.2.2}% 10
\BOOKMARK [0][-]{chapter.3}{\376\377\000\301\000r\000b\000o\000l\000e\000s\000\040\000G\000e\000n\000e\000r\000a\000l\000e\000s}{}% 11
\BOOKMARK [1][-]{section.3.1}{\376\377\000E\000s\000p\000e\000c\000i\000f\000i\000c\000a\000c\000i\000\363\000n\000\040\000d\000e\000l\000\040\000T\000A\000D\000\040\000\341\000r\000b\000o\000l\000\040\000g\000e\000n\000e\000r\000a\000l}{chapter.3}% 12
\BOOKMARK [1][-]{section.3.2}{\376\377\000I\000m\000p\000l\000e\000m\000e\000n\000t\000a\000c\000i\000o\000n\000e\000s\000\040\000d\000e\000l\000\040\000T\000A\000D\000\040\000\341\000r\000b\000o\000l\000\040\000g\000e\000n\000e\000r\000a\000l}{chapter.3}% 13
\BOOKMARK [2][-]{subsection.3.2.1}{\376\377\000I\000m\000p\000l\000e\000m\000e\000n\000t\000a\000c\000i\000\363\000n\000\040\000v\000e\000c\000t\000o\000r\000i\000a\000l\000\040\000m\000e\000d\000i\000a\000n\000t\000e\000\040\000l\000i\000s\000t\000a\000\040\000d\000e\000\040\000h\000i\000j\000o\000s}{section.3.2}% 14
\BOOKMARK [2][-]{subsection.3.2.2}{\376\377\000I\000m\000p\000l\000e\000m\000e\000n\000t\000a\000c\000i\000\363\000n\000\040\000m\000e\000d\000i\000a\000n\000t\000e\000\040\000c\000e\000l\000d\000a\000s\000\040\000e\000n\000l\000a\000z\000a\000d\000a\000s}{section.3.2}% 15
\BOOKMARK [0][-]{chapter.4}{\376\377\000\301\000r\000b\000o\000l\000e\000s\000\040\000B\000i\000n\000a\000r\000i\000o\000\040\000d\000e\000\040\000B\000\372\000s\000q\000u\000e\000d\000a}{}% 16
\BOOKMARK [1][-]{section.4.1}{\376\377\000E\000j\000e\000m\000p\000l\000o\000\040\000d\000e\000\040\000b\000\372\000s\000q\000u\000e\000d\000a\000\040\000d\000e\000\040\000u\000n\000\040\000e\000l\000e\000m\000e\000n\000t\000o\000\040\000e\000n\000\040\000u\000n\000\040\000A\000B\000B}{chapter.4}% 17
\BOOKMARK [1][-]{section.4.2}{\376\377\000E\000s\000p\000e\000c\000i\000f\000i\000c\000a\000c\000i\000\363\000n\000\040\000d\000e\000l\000\040\000T\000A\000D\000\040\000\341\000r\000b\000o\000l\000\040\000b\000i\000n\000a\000r\000i\000o\000\040\000d\000e\000\040\000b\000\372\000s\000q\000u\000e\000d\000a}{chapter.4}% 18
\BOOKMARK [1][-]{section.4.3}{\376\377\000I\000m\000p\000l\000e\000m\000e\000n\000t\000a\000c\000i\000\363\000n\000\040\000d\000e\000l\000\040\000T\000A\000D\000\040\000\341\000r\000b\000o\000l\000\040\000b\000i\000n\000a\000r\000i\000o\000\040\000d\000e\000\040\000b\000\372\000s\000q\000u\000e\000d\000a}{chapter.4}% 19
\BOOKMARK [2][-]{subsection.4.3.1}{\376\377\000I\000m\000p\000l\000e\000m\000e\000n\000t\000a\000c\000i\000\363\000n\000\040\000d\000e\000\040\000u\000n\000\040\000A\000B\000B\000\040\000m\000e\000d\000i\000a\000n\000t\000e\000\040\000u\000n\000a\000\040\000e\000s\000t\000r\000u\000c\000t\000u\000r\000a\000\040\000d\000i\000n\000\341\000m\000i\000c\000a\000\040\000r\000e\000c\000u\000r\000s\000i\000v\000a}{section.4.3}% 20
\BOOKMARK [0][-]{chapter.5}{\376\377\000\301\000r\000b\000o\000l\000e\000s\000\040\000d\000e\000\040\000B\000\372\000s\000q\000u\000e\000d\000a\000\040\000E\000q\000u\000i\000l\000i\000b\000r\000a\000d\000o\000s}{}% 21
\BOOKMARK [1][-]{section.5.1}{\376\377\000\301\000r\000b\000o\000l\000e\000s\000\040\000A\000V\000L}{chapter.5}% 22
\BOOKMARK [1][-]{section.5.2}{\376\377\000\301\000r\000b\000o\000l\000e\000s\000\040\000A\000R\000N}{chapter.5}% 23
\BOOKMARK [1][-]{section.5.3}{\376\377\000A\000V\000L\000\040\000v\000s\000\040\000A\000R\000N}{chapter.5}% 24
\BOOKMARK [0][-]{chapter.6}{\376\377\000\301\000r\000b\000o\000l\000e\000s\000\040\000p\000a\000r\000c\000i\000a\000l\000m\000e\000n\000t\000e\000\040\000o\000r\000d\000e\000n\000a\000d\000o\000s}{}% 25
\BOOKMARK [1][-]{section.6.1}{\376\377\000O\000p\000e\000r\000a\000c\000i\000o\000n\000e\000s\000\040\000b\000\341\000s\000i\000c\000a\000s}{chapter.6}% 26
\BOOKMARK [1][-]{section.6.2}{\376\377\000E\000s\000p\000e\000c\000i\000f\000i\000c\000a\000c\000i\000\363\000n\000\040\000d\000e\000l\000\040\000T\000A\000D\000\040\000\341\000r\000b\000o\000l\000\040\000p\000a\000r\000c\000i\000a\000l\000m\000e\000n\000t\000e\000\040\000o\000r\000d\000e\000n\000a\000d\000o}{chapter.6}% 27
\BOOKMARK [1][-]{section.6.3}{\376\377\000I\000m\000p\000l\000e\000m\000e\000n\000t\000a\000c\000i\000\363\000n\000\040\000d\000e\000l\000\040\000T\000A\000D\000\040\000\341\000r\000b\000o\000l\000\040\000p\000a\000r\000c\000i\000a\000l\000m\000e\000n\000t\000e\000\040\000o\000r\000d\000e\000n\000a\000d\000o}{chapter.6}% 28
\BOOKMARK [0][-]{chapter.7}{\376\377\000T\000a\000b\000l\000a\000s\000\040\000d\000e\000\040\000D\000i\000s\000p\000e\000r\000s\000i\000\363\000n}{}% 29
\BOOKMARK [1][-]{section.7.1}{\376\377\000F\000u\000n\000c\000i\000o\000n\000e\000s\000\040\000H\000a\000s\000h}{chapter.7}% 30
\BOOKMARK [1][-]{section.7.2}{\376\377\000R\000e\000s\000o\000l\000u\000c\000i\000\363\000n\000\040\000d\000e\000\040\000c\000o\000l\000i\000s\000i\000o\000n\000e\000s}{chapter.7}% 31
\BOOKMARK [1][-]{section.7.3}{\376\377\000H\000a\000s\000h\000i\000n\000g\000\040\000C\000e\000r\000r\000a\000d\000o}{chapter.7}% 32
\BOOKMARK [1][-]{section.7.4}{\376\377\000H\000a\000s\000h\000i\000n\000g\000\040\000a\000b\000i\000e\000r\000t\000o}{chapter.7}% 33
\BOOKMARK [1][-]{section.7.5}{\376\377\000E\000n\000c\000a\000d\000e\000n\000a\000m\000i\000e\000n\000t\000o\000\040\000m\000e\000z\000c\000l\000a\000d\000o}{chapter.7}% 34
\BOOKMARK [1][-]{section.7.6}{\376\377\000E\000f\000i\000c\000i\000e\000n\000c\000i\000a}{chapter.7}% 35
\BOOKMARK [1][-]{section.7.7}{\376\377\000C\000o\000m\000p\000a\000r\000a\000c\000i\000\363\000n\000\040\000e\000n\000t\000r\000e\000\040\000m\000\351\000t\000o\000d\000o\000s}{chapter.7}% 36
\BOOKMARK [1][-]{section.7.8}{\376\377\000R\000e\000d\000i\000m\000e\000n\000s\000i\000o\000n\000a\000m\000i\000e\000n\000t\000o\000\040\000y\000\040\000R\000e\000h\000a\000s\000h\000i\000n\000g}{chapter.7}% 37
\BOOKMARK [1][-]{section.7.9}{\376\377\000C\000o\000m\000p\000a\000r\000a\000c\000i\000\363\000n\000\040\000c\000o\000n\000\040\000\341\000r\000b\000o\000l\000e\000s\000\040\000d\000e\000\040\000b\000\372\000s\000q\000u\000e\000d\000a}{chapter.7}% 38
\BOOKMARK [0][-]{chapter.8}{\376\377\000I\000n\000t\000r\000o\000d\000u\000c\000c\000i\000\363\000n\000\040\000a\000\040\000l\000o\000s\000\040\000g\000r\000a\000f\000o\000s}{}% 39
\BOOKMARK [1][-]{section.8.1}{\376\377\000D\000e\000f\000i\000n\000i\000c\000i\000\363\000n\000\040\000d\000e\000\040\000g\000r\000a\000f\000o}{chapter.8}% 40
\BOOKMARK [1][-]{section.8.2}{\376\377\000D\000e\000f\000i\000n\000i\000c\000i\000o\000n\000e\000s\000\040}{chapter.8}% 41
\BOOKMARK [1][-]{section.8.3}{\376\377\000R\000e\000p\000r\000e\000s\000e\000n\000t\000a\000c\000i\000o\000n\000e\000s\000\040\000d\000e\000\040\000g\000r\000a\000f\000o\000s}{chapter.8}% 42
\BOOKMARK [0][-]{chapter.9}{\376\377\000C\000a\000m\000i\000n\000o\000s\000\040\000d\000e\000\040\000c\000o\000s\000t\000e\000\040\000m\000\355\000n\000i\000m\000o}{}% 43
\BOOKMARK [1][-]{section.9.1}{\376\377\000A\000l\000g\000o\000r\000i\000t\000m\000o\000\040\000d\000e\000\040\000D\000i\000j\000k\000s\000t\000r\000a}{chapter.9}% 44
\BOOKMARK [2][-]{subsection.9.1.1}{\376\377\000E\000j\000e\000m\000p\000l\000o\000\040\000a\000l\000g\000o\000r\000i\000t\000m\000o\000\040\000D\000i\000j\000k\000s\000t\000r\000a}{section.9.1}% 45
\BOOKMARK [2][-]{subsection.9.1.2}{\376\377\000C\000\363\000d\000i\000g\000o\000\040\000d\000e\000l\000\040\000a\000l\000g\000o\000r\000i\000t\000m\000o\000\040\000D\000i\000j\000k\000s\000t\000r\000a}{section.9.1}% 46
\BOOKMARK [1][-]{section.9.2}{\376\377\000A\000l\000g\000o\000r\000i\000t\000m\000o\000\040\000d\000e\000\040\000F\000l\000o\000y\000d}{chapter.9}% 47
\BOOKMARK [2][-]{subsection.9.2.1}{\376\377\000C\000\363\000d\000i\000g\000o\000\040\000d\000e\000l\000\040\000a\000l\000g\000o\000r\000i\000t\000m\000o\000\040\000d\000e\000\040\000F\000l\000o\000y\000d}{section.9.2}% 48
\BOOKMARK [1][-]{section.9.3}{\376\377\000A\000l\000g\000o\000r\000i\000t\000m\000o\000\040\000d\000e\000\040\000W\000a\000r\000s\000h\000a\000l\000l}{chapter.9}% 49
\BOOKMARK [2][-]{subsection.9.3.1}{\376\377\000C\000\363\000d\000i\000g\000o\000\040\000d\000e\000l\000\040\000a\000l\000g\000o\000r\000i\000t\000m\000o\000\040\000d\000e\000\040\000W\000a\000r\000s\000h\000a\000l\000l}{section.9.3}% 50
\BOOKMARK [0][-]{chapter.10}{\376\377\000\301\000r\000b\000o\000l\000e\000s\000\040\000g\000e\000n\000e\000r\000a\000d\000o\000r\000e\000s\000\040\000d\000e\000\040\000c\000o\000s\000t\000e\000\040\000m\000\355\000n\000i\000m\000o}{}% 51
\BOOKMARK [1][-]{section.10.1}{\376\377\000T\000A\000D\000\040\000P\000a\000r\000t\000i\000c\000i\000\363\000n}{chapter.10}% 52
\BOOKMARK [2][-]{subsection.10.1.1}{\376\377\000E\000s\000p\000e\000c\000i\000f\000i\000c\000a\000c\000i\000\363\000n\000\040\000d\000e\000l\000\040\000T\000A\000D\000\040\000P\000a\000r\000t\000i\000c\000i\000\363\000n}{section.10.1}% 53
\BOOKMARK [2][-]{subsection.10.1.2}{\376\377\000I\000m\000p\000l\000e\000m\000e\000n\000t\000a\000c\000i\000\363\000n\000\040\000d\000e\000l\000\040\000T\000A\000D\000\040\000P\000a\000r\000t\000i\000c\000i\000\363\000n}{section.10.1}% 54
\BOOKMARK [1][-]{section.10.2}{\376\377\000A\000l\000g\000o\000r\000i\000t\000m\000o\000\040\000d\000e\000\040\000K\000r\000u\000s\000k\000a\000l}{chapter.10}% 55
\BOOKMARK [2][-]{subsection.10.2.1}{\376\377\000E\000j\000e\000m\000p\000l\000o\000\040\000a\000l\000g\000o\000r\000i\000t\000m\000o\000\040\000K\000r\000u\000s\000k\000a\000l}{section.10.2}% 56
\BOOKMARK [1][-]{section.10.3}{\376\377\000A\000l\000g\000o\000r\000i\000t\000m\000o\000\040\000d\000e\000\040\000P\000r\000i\000m}{chapter.10}% 57
