\BOOKMARK [0][-]{chapter.1}{\376\377\000T\000e\000o\000r\000\355\000a\000\040\000d\000e\000\040\000l\000a\000\040\000S\000T\000L}{}% 1
\BOOKMARK [1][-]{section.1.1}{\376\377\000I\000t\000e\000r\000a\000d\000o\000r\000e\000s}{chapter.1}% 2
\BOOKMARK [1][-]{section.1.2}{\376\377\000C\000o\000n\000t\000e\000n\000e\000d\000o\000r\000e\000s\000\040\000a\000s\000o\000c\000i\000a\000t\000i\000v\000o\000s\000\040\000d\000e\000\040\000l\000a\000\040\000S\000T\000L}{chapter.1}% 3
\BOOKMARK [2][-]{subsection.1.2.1}{\376\377\000C\000o\000n\000j\000u\000n\000t\000o\000\040\000d\000e\000\040\000o\000b\000j\000e\000t\000o\000s\000:\000\040\000S\000e\000t}{section.1.2}% 4
\BOOKMARK [2][-]{subsection.1.2.2}{\376\377\000D\000i\000c\000c\000i\000o\000n\000a\000r\000i\000o\000\040\000c\000l\000a\000v\000e\000\040\000-\000\040\000v\000a\000l\000o\000r\000:\000\040\000M\000a\000p}{section.1.2}% 5
\BOOKMARK [2][-]{subsection.1.2.3}{\376\377\000T\000u\000p\000l\000a\000\040\000d\000e\000\040\000d\000o\000s\000\040\000e\000l\000e\000m\000e\000n\000t\000o\000s\000:\000\040\000P\000a\000i\000r}{section.1.2}% 6
\BOOKMARK [1][-]{section.1.3}{\376\377\000A\000l\000g\000o\000r\000i\000t\000m\000o\000s\000\040\000d\000e\000\040\000b\000\372\000s\000q\000u\000e\000d\000a\000\040\000y\000\040\000o\000r\000d\000e\000n\000a\000c\000i\000\363\000n}{chapter.1}% 7
\BOOKMARK [1][-]{section.1.4}{\376\377\000A\000l\000g\000o\000r\000i\000t\000m\000o\000s\000\040\000d\000e\000\040\000m\000o\000d\000i\000f\000i\000c\000a\000c\000i\000\363\000n}{chapter.1}% 8
\BOOKMARK [1][-]{section.1.5}{\376\377\000F\000u\000n\000c\000i\000o\000n\000e\000s\000\040\000L\000a\000m\000b\000d\000a\000\040\000y\000\040\000O\000b\000j\000e\000t\000o\000s\000\040\000a\000\040\000F\000u\000n\000c\000i\000\363\000n}{chapter.1}% 9
\BOOKMARK [2][-]{subsection.1.5.1}{\376\377\000F\000u\000n\000c\000i\000o\000n\000e\000s\000\040\000L\000a\000m\000b\000d\000a\000\040\000e\000n\000\040\000C\000+\000+}{section.1.5}% 10
\BOOKMARK [2][-]{subsection.1.5.2}{\376\377\000O\000b\000j\000e\000t\000o\000\040\000F\000u\000n\000c\000i\000\363\000n\000\040\000e\000n\000\040\000C\000+\000+}{section.1.5}% 11
\BOOKMARK [1][-]{section.1.6}{\376\377\000A\000l\000g\000o\000r\000i\000t\000m\000o\000s\000\040\000d\000e\000\040\000l\000a\000\040\000S\000T\000L}{chapter.1}% 12
\BOOKMARK [2][-]{subsection.1.6.1}{\376\377\000s\000t\000d\000:\000:\000c\000o\000u\000n\000t\000\137\000i\000f}{section.1.6}% 13
\BOOKMARK [2][-]{subsection.1.6.2}{\376\377\000s\000t\000d\000:\000:\000r\000e\000m\000o\000v\000e\000\137\000i\000f}{section.1.6}% 14
\BOOKMARK [2][-]{subsection.1.6.3}{\376\377\000s\000t\000d\000:\000:\000l\000o\000w\000e\000r\000\137\000b\000o\000u\000n\000d}{section.1.6}% 15
\BOOKMARK [2][-]{subsection.1.6.4}{\376\377\000s\000t\000d\000:\000:\000i\000n\000s\000e\000r\000t}{section.1.6}% 16
\BOOKMARK [2][-]{subsection.1.6.5}{\376\377\000s\000t\000d\000:\000:\000e\000r\000a\000s\000e}{section.1.6}% 17
\BOOKMARK [2][-]{subsection.1.6.6}{\376\377\000s\000t\000d\000:\000:\000f\000i\000n\000d}{section.1.6}% 18
\BOOKMARK [0][-]{chapter.2}{\376\377\000I\000n\000t\000r\000o\000d\000u\000c\000c\000i\000\363\000n\000\040\000a\000\040\000l\000a\000s\000\040\000r\000e\000l\000a\000c\000i\000o\000n\000e\000s}{}% 19
\BOOKMARK [0][-]{chapter.3}{\376\377\000A\000s\000o\000c\000i\000a\000c\000i\000o\000n\000e\000s\000\040\000e\000n\000t\000r\000e\000\040\000c\000l\000a\000s\000e\000s}{}% 20
\BOOKMARK [1][-]{section.3.1}{\376\377\000I\000m\000p\000l\000e\000m\000e\000n\000t\000a\000c\000i\000o\000n\000e\000s}{chapter.3}% 21
\BOOKMARK [2][-]{subsection.3.1.1}{\376\377\000P\000l\000a\000n\000t\000i\000l\000l\000a\000\040\000I\000m\000p\000l\000e\000m\000e\000n\000t\000a\000c\000i\000\363\000n\000\040\0001\000-\000N}{section.3.1}% 22
\BOOKMARK [2][-]{subsection.3.1.2}{\376\377\000I\000m\000p\000l\000e\000m\000e\000n\000t\000a\000c\000i\000\363\000n\000\040\0001\000-\0001}{section.3.1}% 23
\BOOKMARK [2][-]{subsection.3.1.3}{\376\377\000I\000m\000p\000l\000e\000m\000e\000n\000t\000a\000c\000i\000\363\000n\000\040\000N\000-\000M}{section.3.1}% 24
\BOOKMARK [0][-]{chapter.4}{\376\377\000A\000g\000r\000e\000g\000a\000c\000i\000\363\000n\000\040\000y\000\040\000C\000o\000m\000p\000o\000s\000i\000c\000i\000\363\000n}{}% 25
\BOOKMARK [1][-]{section.4.1}{\376\377\000R\000e\000l\000a\000c\000i\000\363\000n\000\040\000d\000e\000\040\000a\000g\000r\000e\000g\000a\000c\000i\000\363\000n}{chapter.4}% 26
\BOOKMARK [1][-]{section.4.2}{\376\377\000R\000e\000l\000a\000c\000i\000\363\000n\000\040\000d\000e\000\040\000C\000o\000m\000p\000o\000s\000i\000c\000i\000\363\000n}{chapter.4}% 27
\BOOKMARK [2][-]{subsection.4.2.1}{\376\377\000\040\000I\000m\000p\000l\000e\000m\000e\000n\000t\000a\000c\000i\000\363\000n\000\040\000d\000e\000\040\000c\000o\000m\000p\000o\000s\000i\000c\000i\000\363\000n}{section.4.2}% 28
\BOOKMARK [0][-]{chapter.5}{\376\377\000A\000s\000o\000c\000i\000a\000c\000i\000\363\000n\000\040\000C\000a\000l\000i\000f\000i\000c\000a\000d\000a}{}% 29
\BOOKMARK [1][-]{subsection.5.0.1}{\376\377\000I\000m\000p\000l\000e\000m\000e\000n\000t\000a\000c\000i\000\363\000n\000\040\000d\000e\000\040\000l\000a\000\040\000r\000e\000l\000a\000c\000i\000o\000n}{chapter.5}% 30
\BOOKMARK [0][-]{chapter.6}{\376\377\000A\000s\000o\000c\000i\000a\000c\000i\000\363\000n\000\040\000c\000o\000n\000\040\000a\000t\000r\000i\000b\000u\000t\000o\000\040\000d\000e\000\040\000E\000n\000l\000a\000c\000e}{}% 31
\BOOKMARK [1][-]{subsection.6.0.1}{\376\377\000I\000m\000p\000l\000e\000m\000e\000n\000t\000a\000c\000i\000\363\000n\000\040\000d\000e\000\040\000l\000a\000\040\000r\000e\000l\000a\000c\000i\000\363\000n\000:}{chapter.6}% 32
\BOOKMARK [0][-]{chapter.7}{\376\377\000\040\000A\000s\000o\000c\000i\000a\000c\000i\000\363\000n\000\040\000c\000o\000n\000\040\000C\000l\000a\000s\000e\000\040\000A\000s\000o\000c\000i\000a\000c\000i\000\363\000n}{}% 33
\BOOKMARK [1][-]{subsection.7.0.1}{\376\377\000I\000m\000p\000l\000e\000m\000e\000n\000t\000a\000c\000i\000\363\000n\000\040\000c\000l\000a\000s\000e\000\040\000a\000s\000o\000c\000i\000a\000c\000i\000\363\000n\000\040\000c\000o\000n\000\040\0003\000\040\000c\000l\000a\000s\000e\000s}{chapter.7}% 34
\BOOKMARK [2][-]{subsection.7.0.2}{\376\377\000I\000m\000p\000l\000e\000m\000e\000n\000t\000a\000c\000i\000\363\000n\000\040\000c\000l\000a\000s\000e\000\040\000d\000e\000\040\000a\000s\000o\000c\000i\000a\000c\000i\000\363\000n\000\040\000c\000o\000n\000\040\0002\000\040\000c\000l\000a\000s\000e\000s}{subsection.7.0.1}% 35
\BOOKMARK [2][-]{subsection.7.0.3}{\376\377\000C\000l\000a\000s\000e\000\040\000g\000e\000n\000\351\000r\000i\000c\000a\000\040\000d\000e\000\040\000a\000s\000o\000c\000i\000a\000c\000i\000\363\000n\000\040\000c\000o\000n\000\040\0002\000\040\000c\000l\000a\000s\000e\000s}{subsection.7.0.1}% 36
\BOOKMARK [2][-]{subsection.7.0.4}{\376\377\000C\000l\000a\000s\000e\000\040\000g\000e\000n\000\351\000r\000i\000c\000a\000\040\000d\000e\000\040\000a\000s\000o\000c\000i\000a\000c\000i\000\363\000n\000\040\000c\000o\000n\000\040\000a\000t\000r\000i\000b\000u\000t\000o\000\040\000d\000e\000\040\000e\000n\000l\000a\000c\000e}{subsection.7.0.1}% 37
\BOOKMARK [0][-]{chapter.8}{\376\377\000G\000e\000n\000e\000r\000a\000l\000i\000z\000a\000c\000i\000\363\000n\000\040\000y\000\040\000E\000s\000p\000e\000c\000i\000a\000l\000i\000z\000a\000c\000i\000\363\000n}{}% 38
\BOOKMARK [1][-]{section.8.1}{\376\377\000E\000n\000\040\000c\000u\000a\000n\000t\000o\000\040\000a\000l\000\040\000d\000i\000s\000e\000\361\000o}{chapter.8}% 39
\BOOKMARK [2][-]{subsection.8.1.1}{\376\377\000G\000e\000n\000e\000r\000a\000l\000i\000z\000a\000c\000i\000\363\000n\000\040\000m\000e\000d\000i\000a\000n\000t\000e\000\040\000c\000r\000i\000t\000e\000r\000i\000o\000s}{section.8.1}% 40
\BOOKMARK [1][-]{section.8.2}{\376\377\000E\000n\000\040\000c\000u\000a\000n\000d\000o\000\040\000a\000\040\000l\000a\000\040\000i\000m\000p\000l\000e\000m\000e\000n\000t\000a\000c\000i\000\363\000n}{chapter.8}% 41
\BOOKMARK [1][-]{section.8.3}{\376\377\000H\000e\000r\000e\000n\000c\000i\000a\000\040\000p\000\372\000b\000l\000i\000c\000a}{chapter.8}% 42
\BOOKMARK [2][-]{subsection.8.3.1}{\376