<<<<<<< HEAD
This is pdfTeX, Version 3.141592653-2.6-1.40.25 (TeX Live 2023/Fedora 40) (preloaded format=pdflatex 2024.8.21)  21 AUG 2024 17:03
=======
This is pdfTeX, Version 3.141592653-2.6-1.40.26 (TeX Live 2024) (preloaded format=pdflatex 2024.5.27)  21 AUG 2024 16:40
>>>>>>> 93454e9ea954e810ddfed0bce25729a22a237b1f
entering extended mode
 restricted \write18 enabled.
 %&-line parsing enabled.
<<<<<<< HEAD
**PracticasEDNL.tex
(./PracticasEDNL.tex
LaTeX2e <2022-11-01> patch level 1
L3 programming layer <2023-02-22>
(/usr/share/texlive/texmf-dist/tex/latex/base/report.cls
Document Class: report 2022/07/02 v1.4n Standard LaTeX document class
(/usr/share/texlive/texmf-dist/tex/latex/base/size11.clo
File: size11.clo 2022/07/02 v1.4n Standard LaTeX file (size option)
=======
**PracticasEDNL
(./PracticasEDNL.tex
LaTeX2e <2023-11-01> patch level 1
L3 programming layer <2024-02-20>
(/usr/local/texlive/2024/texmf-dist/tex/latex/base/report.cls
Document Class: report 2023/05/17 v1.4n Standard LaTeX document class
(/usr/local/texlive/2024/texmf-dist/tex/latex/base/size11.clo
File: size11.clo 2023/05/17 v1.4n Standard LaTeX file (size option)
>>>>>>> 93454e9ea954e810ddfed0bce25729a22a237b1f
)
\c@part=\count185
\c@chapter=\count186
\c@section=\count187
\c@subsection=\count188
\c@subsubsection=\count189
\c@paragraph=\count190
\c@subparagraph=\count191
\c@figure=\count192
\c@table=\count193
\abovecaptionskip=\skip48
\belowcaptionskip=\skip49
\bibindent=\dimen140
<<<<<<< HEAD
)
(./configuracion/paquetes.tex
(/usr/share/texlive/texmf-dist/tex/latex/base/inputenc.sty
=======
) (/Users/jose/Library/CloudStorage/OneDrive-alum.uca.es/UNI/Universidad/Notes/PDFs EDNL/PracticasEDNL/configuracion/paquetes.tex (/usr/local/texlive/2024/texmf-dist/tex/latex/base/inputenc.sty
>>>>>>> 93454e9ea954e810ddfed0bce25729a22a237b1f
Package: inputenc 2021/02/14 v1.3d Input encoding file
\inpenc@prehook=\toks16
\inpenc@posthook=\toks17
)
(/usr/share/texlive/texmf-dist/tex/latex/caption/caption.sty
Package: caption 2023/03/12 v3.6j Customizing captions (AR)

(/usr/share/texlive/texmf-dist/tex/latex/caption/caption3.sty
Package: caption3 2023/03/12 v2.4 caption3 kernel (AR)

(/usr/share/texlive/texmf-dist/tex/latex/graphics/keyval.sty
Package: keyval 2022/05/29 v1.15 key=value parser (DPC)
\KV@toks@=\toks18
)
\caption@tempdima=\dimen141
\captionmargin=\dimen142
\caption@leftmargin=\dimen143
\caption@rightmargin=\dimen144
\caption@width=\dimen145
\caption@indent=\dimen146
\caption@parindent=\dimen147
\caption@hangindent=\dimen148
Package caption Info: Standard document class detected.
)
\c@caption@flags=\count194
\c@continuedfloat=\count195
)
(/usr/share/texlive/texmf-dist/tex/latex/caption/subcaption.sty
Package: subcaption 2023/02/19 v1.6 Sub-captions (AR)
Package caption Info: New subtype `subfigure' on input line 239.
\c@subfigure=\count196
Package caption Info: New subtype `subtable' on input line 239.
\c@subtable=\count197
)
(/usr/share/texlive/texmf-dist/tex/latex/tools/multicol.sty
Package: multicol 2021/11/30 v1.9d multicolumn formatting (FMi)
\c@tracingmulticols=\count198
\mult@box=\box51
\multicol@leftmargin=\dimen149
\c@unbalance=\count199
\c@collectmore=\count266
\doublecol@number=\count267
\multicoltolerance=\count268
\multicolpretolerance=\count269
\full@width=\dimen150
\page@free=\dimen151
\premulticols=\dimen152
\postmulticols=\dimen153
\multicolsep=\skip50
\multicolbaselineskip=\skip51
\partial@page=\box52
\last@line=\box53
\maxbalancingoverflow=\dimen154
\mult@rightbox=\box54
\mult@grightbox=\box55
\mult@firstbox=\box56
\mult@gfirstbox=\box57
\@tempa=\box58
\@tempa=\box59
\@tempa=\box60
\@tempa=\box61
\@tempa=\box62
\@tempa=\box63
\@tempa=\box64
\@tempa=\box65
\@tempa=\box66
\@tempa=\box67
\@tempa=\box68
\@tempa=\box69
\@tempa=\box70
\@tempa=\box71
\@tempa=\box72
\@tempa=\box73
\@tempa=\box74
\@tempa=\box75
\@tempa=\box76
\@tempa=\box77
\@tempa=\box78
\@tempa=\box79
\@tempa=\box80
\@tempa=\box81
\@tempa=\box82
\@tempa=\box83
\@tempa=\box84
\@tempa=\box85
\@tempa=\box86
\@tempa=\box87
\@tempa=\box88
\@tempa=\box89
\@tempa=\box90
\@tempa=\box91
\@tempa=\box92
\@tempa=\box93
\c@minrows=\count270
\c@columnbadness=\count271
\c@finalcolumnbadness=\count272
\last@try=\dimen155
\multicolovershoot=\dimen156
\multicolundershoot=\dimen157
\mult@nat@firstbox=\box94
\colbreak@box=\box95
\mc@col@check@num=\count273
)
(/usr/share/texlive/texmf-dist/tex/latex/xcolor/xcolor.sty
Package: xcolor 2022/06/12 v2.14 LaTeX color extensions (UK)

(/usr/share/texlive/texmf-dist/tex/latex/graphics-cfg/color.cfg
File: color.cfg 2016/01/02 v1.6 sample color configuration
)
Package xcolor Info: Driver file: pdftex.def on input line 227.

(/usr/share/texlive/texmf-dist/tex/latex/graphics-def/pdftex.def
File: pdftex.def 2022/09/22 v1.2b Graphics/color driver for pdftex
)
(/usr/share/texlive/texmf-dist/tex/latex/graphics/mathcolor.ltx)
Package xcolor Info: Model `cmy' substituted by `cmy0' on input line 1353.
Package xcolor Info: Model `hsb' substituted by `rgb' on input line 1357.
Package xcolor Info: Model `RGB' extended on input line 1369.
Package xcolor Info: Model `HTML' substituted by `rgb' on input line 1371.
Package xcolor Info: Model `Hsb' substituted by `hsb' on input line 1372.
Package xcolor Info: Model `tHsb' substituted by `hsb' on input line 1373.
Package xcolor Info: Model `HSB' substituted by `hsb' on input line 1374.
Package xcolor Info: Model `Gray' substituted by `gray' on input line 1375.
Package xcolor Info: Model `wave' substituted by `hsb' on input line 1376.
)
(/usr/share/texlive/texmf-dist/tex/generic/babel/babel.sty
Package: babel 2023/02/13 3.86 The Babel package
\babel@savecnt=\count274
\U@D=\dimen158
\l@unhyphenated=\language85

(/usr/share/texlive/texmf-dist/tex/generic/babel/txtbabel.def)
\bbl@readstream=\read2
\bbl@dirlevel=\count275

(/usr/share/texlive/texmf-dist/tex/generic/babel-spanish/spanish.ldf
Language: spanish.ldf 2021/05/27 v5.0q Spanish support from the babel system
\es@quottoks=\toks19
\es@quotdepth=\count276
Package babel Info: Making " an active character on input line 570.
Package babel Info: Making . an active character on input line 675.
Package babel Info: Making < an active character on input line 722.
Package babel Info: Making > an active character on input line 722.
))
(/usr/share/texlive/texmf-dist/tex/generic/babel/locale/es/babel-spanish.tex
Package babel Info: Importing font and identification data for spanish
(babel)             from babel-es.ini. Reported on input line 11.
)
(/usr/share/texlive/texmf-dist/tex/latex/graphics/graphicx.sty
Package: graphicx 2021/09/16 v1.2d Enhanced LaTeX Graphics (DPC,SPQR)

(/usr/share/texlive/texmf-dist/tex/latex/graphics/graphics.sty
Package: graphics 2022/03/10 v1.4e Standard LaTeX Graphics (DPC,SPQR)

(/usr/share/texlive/texmf-dist/tex/latex/graphics/trig.sty
Package: trig 2021/08/11 v1.11 sin cos tan (DPC)
)
(/usr/share/texlive/texmf-dist/tex/latex/graphics-cfg/graphics.cfg
File: graphics.cfg 2016/06/04 v1.11 sample graphics configuration
)
Package graphics Info: Driver file: pdftex.def on input line 107.
)
\Gin@req@height=\dimen159
\Gin@req@width=\dimen160
)
(/usr/share/texlive/texmf-dist/tex/latex/titlesec/titlesec.sty
Package: titlesec 2021/07/05 v2.14 Sectioning titles
\ttl@box=\box96
\beforetitleunit=\skip52
\aftertitleunit=\skip53
\ttl@plus=\dimen161
\ttl@minus=\dimen162
\ttl@toksa=\toks20
\titlewidth=\dimen163
\titlewidthlast=\dimen164
\titlewidthfirst=\dimen165
)
(/usr/share/texlive/texmf-dist/tex/latex/hyperref/hyperref.sty
Package: hyperref 2023-02-07 v7.00v Hypertext links for LaTeX

(/usr/share/texlive/texmf-dist/tex/generic/ltxcmds/ltxcmds.sty
Package: ltxcmds 2020-05-10 v1.25 LaTeX kernel commands for general use (HO)
)
(/usr/share/texlive/texmf-dist/tex/generic/iftex/iftex.sty
Package: iftex 2022/02/03 v1.0f TeX engine tests
)
(/usr/share/texlive/texmf-dist/tex/generic/pdftexcmds/pdftexcmds.sty
Package: pdftexcmds 2020-06-27 v0.33 Utility functions of pdfTeX for LuaTeX (HO
)

(/usr/share/texlive/texmf-dist/tex/generic/infwarerr/infwarerr.sty
Package: infwarerr 2019/12/03 v1.5 Providing info/warning/error messages (HO)
)
Package pdftexcmds Info: \pdf@primitive is available.
Package pdftexcmds Info: \pdf@ifprimitive is available.
Package pdftexcmds Info: \pdfdraftmode found.
)
(/usr/share/texlive/texmf-dist/tex/latex/kvsetkeys/kvsetkeys.sty
Package: kvsetkeys 2022-10-05 v1.19 Key value parser (HO)
)
(/usr/share/texlive/texmf-dist/tex/generic/kvdefinekeys/kvdefinekeys.sty
Package: kvdefinekeys 2019-12-19 v1.6 Define keys (HO)
)
(/usr/share/texlive/texmf-dist/tex/generic/pdfescape/pdfescape.sty
Package: pdfescape 2019/12/09 v1.15 Implements pdfTeX's escape features (HO)
)
(/usr/share/texlive/texmf-dist/tex/latex/hycolor/hycolor.sty
Package: hycolor 2020-01-27 v1.10 Color options for hyperref/bookmark (HO)
)
(/usr/share/texlive/texmf-dist/tex/latex/letltxmacro/letltxmacro.sty
Package: letltxmacro 2019/12/03 v1.6 Let assignment for LaTeX macros (HO)
)
(/usr/share/texlive/texmf-dist/tex/latex/auxhook/auxhook.sty
Package: auxhook 2019-12-17 v1.6 Hooks for auxiliary files (HO)
)
(/usr/share/texlive/texmf-dist/tex/latex/hyperref/nameref.sty
Package: nameref 2022-05-17 v2.50 Cross-referencing by name of section

(/usr/share/texlive/texmf-dist/tex/latex/refcount/refcount.sty
Package: refcount 2019/12/15 v3.6 Data extraction from label references (HO)
)
(/usr/share/texlive/texmf-dist/tex/generic/gettitlestring/gettitlestring.sty
Package: gettitlestring 2019/12/15 v1.6 Cleanup title references (HO)

(/usr/share/texlive/texmf-dist/tex/latex/kvoptions/kvoptions.sty
Package: kvoptions 2022-06-15 v3.15 Key value format for package options (HO)
))
\c@section@level=\count277
)
\@linkdim=\dimen166
\Hy@linkcounter=\count278
\Hy@pagecounter=\count279

(/usr/share/texlive/texmf-dist/tex/latex/hyperref/pd1enc.def
File: pd1enc.def 2023-02-07 v7.00v Hyperref: PDFDocEncoding definition (HO)
Now handling font encoding PD1 ...
... no UTF-8 mapping file for font encoding PD1
)
(/usr/share/texlive/texmf-dist/tex/generic/intcalc/intcalc.sty
Package: intcalc 2019/12/15 v1.3 Expandable calculations with integers (HO)
)
(/usr/share/texlive/texmf-dist/tex/generic/etexcmds/etexcmds.sty
Package: etexcmds 2019/12/15 v1.7 Avoid name clashes with e-TeX commands (HO)
)
\Hy@SavedSpaceFactor=\count280

(/usr/share/texlive/texmf-dist/tex/latex/hyperref/puenc.def
File: puenc.def 2023-02-07 v7.00v Hyperref: PDF Unicode definition (HO)
Now handling font encoding PU ...
... no UTF-8 mapping file for font encoding PU
)
Package hyperref Info: Option `bookmarks' set `true' on input line 4060.
Package hyperref Info: Option `breaklinks' set `true' on input line 4060.
Package hyperref Info: Option `colorlinks' set `true' on input line 4060.
Package hyperref Info: Hyper figures OFF on input line 4177.
Package hyperref Info: Link nesting OFF on input line 4182.
Package hyperref Info: Hyper index ON on input line 4185.
Package hyperref Info: Plain pages OFF on input line 4192.
Package hyperref Info: Backreferencing OFF on input line 4197.
Package hyperref Info: Implicit mode ON; LaTeX internals redefined.
Package hyperref Info: Bookmarks ON on input line 4425.
\c@Hy@tempcnt=\count281

(/usr/share/texlive/texmf-dist/tex/latex/url/url.sty
\Urlmuskip=\muskip16
Package: url 2013/09/16  ver 3.4  Verb mode for urls, etc.
)
LaTeX Info: Redefining \url on input line 4763.
\XeTeXLinkMargin=\dimen167

(/usr/share/texlive/texmf-dist/tex/generic/bitset/bitset.sty
Package: bitset 2019/12/09 v1.3 Handle bit-vector datatype (HO)

(/usr/share/texlive/texmf-dist/tex/generic/bigintcalc/bigintcalc.sty
Package: bigintcalc 2019/12/15 v1.5 Expandable calculations on big integers (HO
)
))
\Fld@menulength=\count282
\Field@Width=\dimen168
\Fld@charsize=\dimen169
Package hyperref Info: Hyper figures OFF on input line 6042.
Package hyperref Info: Link nesting OFF on input line 6047.
Package hyperref Info: Hyper index ON on input line 6050.
Package hyperref Info: backreferencing OFF on input line 6057.
Package hyperref Info: Link coloring ON on input line 6060.
Package hyperref Info: Link coloring with OCG OFF on input line 6067.
Package hyperref Info: PDF/A mode OFF on input line 6072.

(/usr/share/texlive/texmf-dist/tex/latex/base/atbegshi-ltx.sty
Package: atbegshi-ltx 2021/01/10 v1.0c Emulation of the original atbegshi
package with kernel methods
)
\Hy@abspage=\count283
\c@Item=\count284
\c@Hfootnote=\count285
)
Package hyperref Info: Driver (autodetected): hpdftex.

(/usr/share/texlive/texmf-dist/tex/latex/hyperref/hpdftex.def
File: hpdftex.def 2023-02-07 v7.00v Hyperref driver for pdfTeX

(/usr/share/texlive/texmf-dist/tex/latex/base/atveryend-ltx.sty
Package: atveryend-ltx 2020/08/19 v1.0a Emulation of the original atveryend pac
kage
with kernel methods
)
\Fld@listcount=\count286
\c@bookmark@seq@number=\count287

(/usr/share/texlive/texmf-dist/tex/latex/rerunfilecheck/rerunfilecheck.sty
Package: rerunfilecheck 2022-07-10 v1.10 Rerun checks for auxiliary files (HO)

(/usr/share/texlive/texmf-dist/tex/generic/uniquecounter/uniquecounter.sty
Package: uniquecounter 2019/12/15 v1.4 Provide unlimited unique counter (HO)
)
Package uniquecounter Info: New unique counter `rerunfilecheck' on input line 2
85.
)
\Hy@SectionHShift=\skip54
)
(/usr/share/texlive/texmf-dist/tex/latex/listings/listings.sty
\lst@mode=\count288
\lst@gtempboxa=\box97
\lst@token=\toks21
\lst@length=\count289
\lst@currlwidth=\dimen170
\lst@column=\count290
\lst@pos=\count291
\lst@lostspace=\dimen171
\lst@width=\dimen172
\lst@newlines=\count292
\lst@lineno=\count293
\lst@maxwidth=\dimen173

(/usr/share/texlive/texmf-dist/tex/latex/listings/lstmisc.sty
File: lstmisc.sty 2023/02/27 1.9 (Carsten Heinz)
\c@lstnumber=\count294
\lst@skipnumbers=\count295
\lst@framebox=\box98
)
(/usr/share/texlive/texmf-dist/tex/latex/listings/listings.cfg
File: listings.cfg 2023/02/27 1.9 listings configuration
))
Package: listings 2023/02/27 1.9 (Carsten Heinz)

(/usr/share/texlive/texmf-dist/tex/latex/inconsolata/inconsolata.sty
Package: inconsolata 2019/05/17 v1.12

`inconsolata-zi4' v1.12, 2019/05/17 Text macros for Inconsolata (msharpe)
(/usr/share/texlive/texmf-dist/tex/latex/base/textcomp.sty
Package: textcomp 2020/02/02 v2.0n Standard LaTeX package
)
(/usr/share/texlive/texmf-dist/tex/latex/xkeyval/xkeyval.sty
Package: xkeyval 2022/06/16 v2.9 package option processing (HA)

(/usr/share/texlive/texmf-dist/tex/generic/xkeyval/xkeyval.tex
(/usr/share/texlive/texmf-dist/tex/generic/xkeyval/xkvutils.tex
\XKV@toks=\toks22
\XKV@tempa@toks=\toks23
)
\XKV@depth=\count296
File: xkeyval.tex 2014/12/03 v2.7a key=value parser (HA)
))
\zifour@ocount=\count297
)
(/usr/share/texlive/texmf-dist/tex/latex/float/float.sty
Package: float 2001/11/08 v1.3d Float enhancements (AL)
\c@float@type=\count298
\float@exts=\toks24
\float@box=\box99
\@float@everytoks=\toks25
\@floatcapt=\box100
)
(/usr/share/texlive/texmf-dist/tex/latex/amsfonts/amssymb.sty
Package: amssymb 2013/01/14 v3.01 AMS font symbols

(/usr/share/texlive/texmf-dist/tex/latex/amsfonts/amsfonts.sty
Package: amsfonts 2013/01/14 v3.01 Basic AMSFonts support
\@emptytoks=\toks26
\symAMSa=\mathgroup4
\symAMSb=\mathgroup5
LaTeX Font Info:    Redeclaring math symbol \hbar on input line 98.
LaTeX Font Info:    Overwriting math alphabet `\mathfrak' in version `bold'
(Font)                  U/euf/m/n --> U/euf/b/n on input line 106.
))
(/usr/share/texlive/texmf-dist/tex/latex/minted/minted.sty
Package: minted 2022/12/12 v2.7 Yet another Pygments shim for LaTeX

(/usr/share/texlive/texmf-dist/tex/latex/fvextra/fvextra.sty
Package: fvextra 2022/11/30 v1.5 fvextra - extensions and patches for fancyvrb

(/usr/share/texlive/texmf-dist/tex/latex/etoolbox/etoolbox.sty
Package: etoolbox 2020/10/05 v2.5k e-TeX tools for LaTeX (JAW)
\etb@tempcnta=\count299
)
(/usr/share/texlive/texmf-dist/tex/latex/fancyvrb/fancyvrb.sty
Package: fancyvrb 2023/01/19 4.5a verbatim text (tvz,hv)
\FV@CodeLineNo=\count300
\FV@InFile=\read3
\FV@TabBox=\box101
\c@FancyVerbLine=\count301
\FV@StepNumber=\count302
\FV@OutFile=\write3
)
(/usr/share/texlive/texmf-dist/tex/latex/upquote/upquote.sty
Package: upquote 2012/04/19 v1.3 upright-quote and grave-accent glyphs in verba
tim
)
(/usr/share/texlive/texmf-dist/tex/latex/lineno/lineno.sty
Package: lineno 2023/01/19 line numbers on paragraphs v5.1
\linenopenalty=\count303
\output=\toks27
\linenoprevgraf=\count304
\linenumbersep=\dimen174
\linenumberwidth=\dimen175
\c@linenumber=\count305
\c@pagewiselinenumber=\count306
\c@LN@truepage=\count307
\c@internallinenumber=\count308
\c@internallinenumbers=\count309
\quotelinenumbersep=\dimen176
\bframerule=\dimen177
\bframesep=\dimen178
\bframebox=\box102
LaTeX Info: Redefining \\ on input line 3131.
)
\c@FV@TrueTabGroupLevel=\count310
\c@FV@TrueTabCounter=\count311
\FV@TabBox@Group=\box103
\FV@TmpLength=\skip55
\c@FV@HighlightLinesStart=\count312
\c@FV@HighlightLinesStop=\count313
\FV@LoopCount=\count314
\FV@NCharsBox=\box104
\FV@BreakIndent=\dimen179
\FV@BreakIndentNChars=\count315
\FV@BreakSymbolSepLeft=\dimen180
\FV@BreakSymbolSepLeftNChars=\count316
\FV@BreakSymbolSepRight=\dimen181
\FV@BreakSymbolSepRightNChars=\count317
\FV@BreakSymbolIndentLeft=\dimen182
\FV@BreakSymbolIndentLeftNChars=\count318
\FV@BreakSymbolIndentRight=\dimen183
\FV@BreakSymbolIndentRightNChars=\count319
\c@FancyVerbLineBreakLast=\count320
\FV@LineBox=\box105
\FV@LineIndentBox=\box106
\c@FV@BreakBufferDepth=\count321
\FV@LineWidth=\dimen184
)
(/usr/share/texlive/texmf-dist/tex/latex/base/ifthen.sty
Package: ifthen 2022/04/13 v1.1d Standard LaTeX ifthen package (DPC)
)
(/usr/share/texlive/texmf-dist/tex/latex/tools/calc.sty
Package: calc 2017/05/25 v4.3 Infix arithmetic (KKT,FJ)
\calc@Acount=\count322
\calc@Bcount=\count323
\calc@Adimen=\dimen185
\calc@Bdimen=\dimen186
\calc@Askip=\skip56
\calc@Bskip=\skip57
LaTeX Info: Redefining \setlength on input line 80.
LaTeX Info: Redefining \addtolength on input line 81.
\calc@Ccount=\count324
\calc@Cskip=\skip58
)
(/usr/share/texlive/texmf-dist/tex/latex/tools/shellesc.sty
Package: shellesc 2019/11/08 v1.0c unified shell escape interface for LaTeX
Package shellesc Info: Restricted shell escape enabled on input line 77.
)
(/usr/share/texlive/texmf-dist/tex/latex/ifplatform/ifplatform.sty
Package: ifplatform 2017/10/13 v0.4a Testing for the operating system

(/usr/share/texlive/texmf-dist/tex/generic/catchfile/catchfile.sty
Package: catchfile 2019/12/09 v1.8 Catch the contents of a file (HO)
)
(/usr/share/texlive/texmf-dist/tex/generic/iftex/ifluatex.sty
Package: ifluatex 2019/10/25 v1.5 ifluatex legacy package. Use iftex instead.
)

<<<<<<< HEAD
Package ifplatform Warning: 
    shell escape is disabled, so I can only detect \ifwindows.
=======
 (/Users/jose/Library/CloudStorage/OneDrive-alum.uca.es/UNI/Universidad/Notes/PDFs EDNL/PracticasEDNL/PracticasEDNL.w18)
runsystem(rm -- "PracticasEDNL.w18")...executed.
>>>>>>> 93454e9ea954e810ddfed0bce25729a22a237b1f

) (/usr/share/texlive/texmf-dist/tex/generic/xstring/xstring.sty
(/usr/share/texlive/texmf-dist/tex/generic/xstring/xstring.tex
\integerpart=\count325
\decimalpart=\count326
)
Package: xstring 2023/01/14 v1.85 String manipulations (CT)
)
(/usr/share/texlive/texmf-dist/tex/latex/framed/framed.sty
Package: framed 2011/10/22 v 0.96: framed or shaded text with page breaks
\OuterFrameSep=\skip59
\fb@frw=\dimen187
\fb@frh=\dimen188
\FrameRule=\dimen189
\FrameSep=\dimen190
)
\minted@appexistsfile=\read4
\minted@bgbox=\box107
\minted@code=\write4
\c@minted@FancyVerbLineTemp=\count327
\c@minted@pygmentizecounter=\count328
\@float@every@listing=\toks28
\c@listing=\count329
)
runsystem(mkdir -p _minted-PracticasEDNL)...disabled (restricted).



! Package minted Error: You must invoke LaTeX with the -shell-escape flag.

See the minted package documentation for explanation.
Type  H <return>  for immediate help.
 ...                                              
                                                  
l.18 \usepackage
                {enumitem} % Paquete para personalizar listas enumeradas
Pass the -shell-escape flag to LaTeX. Refer to the minted.sty documentation for
 more information.

(/usr/share/texlive/texmf-dist/tex/latex/enumitem/enumitem.sty
Package: enumitem 2019/06/20 v3.9 Customized lists
\labelindent=\skip60
\enit@outerparindent=\dimen191
\enit@toks=\toks29
\enit@inbox=\box108
\enit@count@id=\count330
\enitdp@description=\count331
)
(/usr/share/texlive/texmf-dist/tex/latex/natbib/natbib.sty
Package: natbib 2010/09/13 8.31b (PWD, AO)
\bibhang=\skip61
\bibsep=\skip62
LaTeX Info: Redefining \cite on input line 694.
\c@NAT@ctr=\count332
)
(/usr/share/texlive/texmf-dist/tex/latex/geometry/geometry.sty
Package: geometry 2020/01/02 v5.9 Page Geometry

(/usr/share/texlive/texmf-dist/tex/generic/iftex/ifvtex.sty
Package: ifvtex 2019/10/25 v1.7 ifvtex legacy package. Use iftex instead.
)
\Gm@cnth=\count333
\Gm@cntv=\count334
\c@Gm@tempcnt=\count335
\Gm@bindingoffset=\dimen192
\Gm@wd@mp=\dimen193
\Gm@odd@mp=\dimen194
\Gm@even@mp=\dimen195
\Gm@layoutwidth=\dimen196
\Gm@layoutheight=\dimen197
\Gm@layouthoffset=\dimen198
\Gm@layoutvoffset=\dimen199
\Gm@dimlist=\toks30
)
(/usr/share/texlive/texmf-dist/tex/latex/amsmath/amsmath.sty
Package: amsmath 2022/04/08 v2.17n AMS math features
\@mathmargin=\skip63

For additional information on amsmath, use the `?' option.
(/usr/share/texlive/texmf-dist/tex/latex/amsmath/amstext.sty
Package: amstext 2021/08/26 v2.01 AMS text

(/usr/share/texlive/texmf-dist/tex/latex/amsmath/amsgen.sty
File: amsgen.sty 1999/11/30 v2.0 generic functions
\@emptytoks=\toks31
\ex@=\dimen256
))
(/usr/share/texlive/texmf-dist/tex/latex/amsmath/amsbsy.sty
Package: amsbsy 1999/11/29 v1.2d Bold Symbols
\pmbraise@=\dimen257
)
(/usr/share/texlive/texmf-dist/tex/latex/amsmath/amsopn.sty
Package: amsopn 2022/04/08 v2.04 operator names
)
\inf@bad=\count336
LaTeX Info: Redefining \frac on input line 234.
\uproot@=\count337
\leftroot@=\count338
LaTeX Info: Redefining \overline on input line 399.
LaTeX Info: Redefining \colon on input line 410.
\classnum@=\count339
\DOTSCASE@=\count340
LaTeX Info: Redefining \ldots on input line 496.
LaTeX Info: Redefining \dots on input line 499.
LaTeX Info: Redefining \cdots on input line 620.
\Mathstrutbox@=\box109
\strutbox@=\box110
LaTeX Info: Redefining \big on input line 722.
LaTeX Info: Redefining \Big on input line 723.
LaTeX Info: Redefining \bigg on input line 724.
LaTeX Info: Redefining \Bigg on input line 725.
\big@size=\dimen258
LaTeX Font Info:    Redeclaring font encoding OML on input line 743.
LaTeX Font Info:    Redeclaring font encoding OMS on input line 744.
\macc@depth=\count341
LaTeX Info: Redefining \bmod on input line 905.
LaTeX Info: Redefining \pmod on input line 910.
LaTeX Info: Redefining \smash on input line 940.
LaTeX Info: Redefining \relbar on input line 970.
LaTeX Info: Redefining \Relbar on input line 971.
\c@MaxMatrixCols=\count342
\dotsspace@=\muskip17
\c@parentequation=\count343
\dspbrk@lvl=\count344
\tag@help=\toks32
\row@=\count345
\column@=\count346
\maxfields@=\count347
\andhelp@=\toks33
\eqnshift@=\dimen259
\alignsep@=\dimen260
\tagshift@=\dimen261
\tagwidth@=\dimen262
\totwidth@=\dimen263
\lineht@=\dimen264
\@envbody=\toks34
\multlinegap=\skip64
\multlinetaggap=\skip65
\mathdisplay@stack=\toks35
LaTeX Info: Redefining \[ on input line 2953.
LaTeX Info: Redefining \] on input line 2954.
)
\linenoamsmath@ams@eqpen=\count348

(/usr/share/texlive/texmf-dist/tex/latex/parskip/parskip.sty
Package: parskip 2021-03-14 v2.0h non-zero parskip adjustments
)
(/usr/share/texlive/texmf-dist/tex/latex/eurosym/eurosym.sty
Package: eurosym 1998/08/06 v1.1 European currency symbol ``Euro''
\@eurobox=\box111
)
(/usr/share/texlive/texmf-dist/tex/latex/todonotes/todonotes.sty
Package: todonotes 2023/01/31 v1.1.6 Todonotes source and documentation.
Package: todonotes 2023/01/31

(/usr/share/texlive/texmf-dist/tex/latex/pgf/frontendlayer/tikz.sty
(/usr/share/texlive/texmf-dist/tex/latex/pgf/basiclayer/pgf.sty
(/usr/share/texlive/texmf-dist/tex/latex/pgf/utilities/pgfrcs.sty
(/usr/share/texlive/texmf-dist/tex/generic/pgf/utilities/pgfutil-common.tex
\pgfutil@everybye=\toks36
\pgfutil@tempdima=\dimen265
\pgfutil@tempdimb=\dimen266
)
(/usr/share/texlive/texmf-dist/tex/generic/pgf/utilities/pgfutil-latex.def
\pgfutil@abb=\box112
)
(/usr/share/texlive/texmf-dist/tex/generic/pgf/utilities/pgfrcs.code.tex
(/usr/share/texlive/texmf-dist/tex/generic/pgf/pgf.revision.tex)
Package: pgfrcs 2023-01-15 v3.1.10 (3.1.10)
))
Package: pgf 2023-01-15 v3.1.10 (3.1.10)

(/usr/share/texlive/texmf-dist/tex/latex/pgf/basiclayer/pgfcore.sty
(/usr/share/texlive/texmf-dist/tex/latex/pgf/systemlayer/pgfsys.sty
(/usr/share/texlive/texmf-dist/tex/generic/pgf/systemlayer/pgfsys.code.tex
Package: pgfsys 2023-01-15 v3.1.10 (3.1.10)

(/usr/share/texlive/texmf-dist/tex/generic/pgf/utilities/pgfkeys.code.tex
\pgfkeys@pathtoks=\toks37
\pgfkeys@temptoks=\toks38

(/usr/share/texlive/texmf-dist/tex/generic/pgf/utilities/pgfkeyslibraryfiltered
.code.tex
\pgfkeys@tmptoks=\toks39
))
\pgf@x=\dimen267
\pgf@y=\dimen268
\pgf@xa=\dimen269
\pgf@ya=\dimen270
\pgf@xb=\dimen271
\pgf@yb=\dimen272
\pgf@xc=\dimen273
\pgf@yc=\dimen274
\pgf@xd=\dimen275
\pgf@yd=\dimen276
\w@pgf@writea=\write5
\r@pgf@reada=\read5
\c@pgf@counta=\count349
\c@pgf@countb=\count350
\c@pgf@countc=\count351
\c@pgf@countd=\count352
\t@pgf@toka=\toks40
\t@pgf@tokb=\toks41
\t@pgf@tokc=\toks42
\pgf@sys@id@count=\count353
 (/usr/share/texlive/texmf-dist/tex/generic/pgf/systemlayer/pgf.cfg
File: pgf.cfg 2023-01-15 v3.1.10 (3.1.10)
)
Driver file for pgf: pgfsys-pdftex.def
(/usr/share/texlive/texmf-dist/tex/generic/pgf/systemlayer/pgfsys-pdftex.def
File: pgfsys-pdftex.def 2023-01-15 v3.1.10 (3.1.10)

(/usr/share/texlive/texmf-dist/tex/generic/pgf/systemlayer/pgfsys-common-pdf.de
f
File: pgfsys-common-pdf.def 2023-01-15 v3.1.10 (3.1.10)
)))
(/usr/share/texlive/texmf-dist/tex/generic/pgf/systemlayer/pgfsyssoftpath.code.
tex
File: pgfsyssoftpath.code.tex 2023-01-15 v3.1.10 (3.1.10)
\pgfsyssoftpath@smallbuffer@items=\count354
\pgfsyssoftpath@bigbuffer@items=\count355
)
(/usr/share/texlive/texmf-dist/tex/generic/pgf/systemlayer/pgfsysprotocol.code.
tex
File: pgfsysprotocol.code.tex 2023-01-15 v3.1.10 (3.1.10)
))
(/usr/share/texlive/texmf-dist/tex/generic/pgf/basiclayer/pgfcore.code.tex
Package: pgfcore 2023-01-15 v3.1.10 (3.1.10)

(/usr/share/texlive/texmf-dist/tex/generic/pgf/math/pgfmath.code.tex
(/usr/share/texlive/texmf-dist/tex/generic/pgf/math/pgfmathutil.code.tex)
(/usr/share/texlive/texmf-dist/tex/generic/pgf/math/pgfmathparser.code.tex
\pgfmath@dimen=\dimen277
\pgfmath@count=\count356
\pgfmath@box=\box113
\pgfmath@toks=\toks43
\pgfmath@stack@operand=\toks44
\pgfmath@stack@operation=\toks45
)
(/usr/share/texlive/texmf-dist/tex/generic/pgf/math/pgfmathfunctions.code.tex)
(/usr/share/texlive/texmf-dist/tex/generic/pgf/math/pgfmathfunctions.basic.code
.tex)
(/usr/share/texlive/texmf-dist/tex/generic/pgf/math/pgfmathfunctions.trigonomet
ric.code.tex)
(/usr/share/texlive/texmf-dist/tex/generic/pgf/math/pgfmathfunctions.random.cod
e.tex)
(/usr/share/texlive/texmf-dist/tex/generic/pgf/math/pgfmathfunctions.comparison
.code.tex)
(/usr/share/texlive/texmf-dist/tex/generic/pgf/math/pgfmathfunctions.base.code.
tex)
(/usr/share/texlive/texmf-dist/tex/generic/pgf/math/pgfmathfunctions.round.code
.tex)
(/usr/share/texlive/texmf-dist/tex/generic/pgf/math/pgfmathfunctions.misc.code.
tex)
(/usr/share/texlive/texmf-dist/tex/generic/pgf/math/pgfmathfunctions.integerari
thmetics.code.tex)
(/usr/share/texlive/texmf-dist/tex/generic/pgf/math/pgfmathcalc.code.tex)
(/usr/share/texlive/texmf-dist/tex/generic/pgf/math/pgfmathfloat.code.tex
\c@pgfmathroundto@lastzeros=\count357
))
(/usr/share/texlive/texmf-dist/tex/generic/pgf/math/pgfint.code.tex)
(/usr/share/texlive/texmf-dist/tex/generic/pgf/basiclayer/pgfcorepoints.code.te
x
File: pgfcorepoints.code.tex 2023-01-15 v3.1.10 (3.1.10)
\pgf@picminx=\dimen278
\pgf@picmaxx=\dimen279
\pgf@picminy=\dimen280
\pgf@picmaxy=\dimen281
\pgf@pathminx=\dimen282
\pgf@pathmaxx=\dimen283
\pgf@pathminy=\dimen284
\pgf@pathmaxy=\dimen285
\pgf@xx=\dimen286
\pgf@xy=\dimen287
\pgf@yx=\dimen288
\pgf@yy=\dimen289
\pgf@zx=\dimen290
\pgf@zy=\dimen291
)
(/usr/share/texlive/texmf-dist/tex/generic/pgf/basiclayer/pgfcorepathconstruct.
code.tex
File: pgfcorepathconstruct.code.tex 2023-01-15 v3.1.10 (3.1.10)
\pgf@path@lastx=\dimen292
\pgf@path@lasty=\dimen293
)
(/usr/share/texlive/texmf-dist/tex/generic/pgf/basiclayer/pgfcorepathusage.code
.tex
File: pgfcorepathusage.code.tex 2023-01-15 v3.1.10 (3.1.10)
\pgf@shorten@end@additional=\dimen294
\pgf@shorten@start@additional=\dimen295
)
(/usr/share/texlive/texmf-dist/tex/generic/pgf/basiclayer/pgfcorescopes.code.te
x
File: pgfcorescopes.code.tex 2023-01-15 v3.1.10 (3.1.10)
\pgfpic=\box114
\pgf@hbox=\box115
\pgf@layerbox@main=\box116
\pgf@picture@serial@count=\count358
)
(/usr/share/texlive/texmf-dist/tex/generic/pgf/basiclayer/pgfcoregraphicstate.c
ode.tex
File: pgfcoregraphicstate.code.tex 2023-01-15 v3.1.10 (3.1.10)
\pgflinewidth=\dimen296
)
(/usr/share/texlive/texmf-dist/tex/generic/pgf/basiclayer/pgfcoretransformation
s.code.tex
File: pgfcoretransformations.code.tex 2023-01-15 v3.1.10 (3.1.10)
\pgf@pt@x=\dimen297
\pgf@pt@y=\dimen298
\pgf@pt@temp=\dimen299
)
(/usr/share/texlive/texmf-dist/tex/generic/pgf/basiclayer/pgfcorequick.code.tex
File: pgfcorequick.code.tex 2023-01-15 v3.1.10 (3.1.10)
)
(/usr/share/texlive/texmf-dist/tex/generic/pgf/basiclayer/pgfcoreobjects.code.t
ex
File: pgfcoreobjects.code.tex 2023-01-15 v3.1.10 (3.1.10)
)
(/usr/share/texlive/texmf-dist/tex/generic/pgf/basiclayer/pgfcorepathprocessing
.code.tex
File: pgfcorepathprocessing.code.tex 2023-01-15 v3.1.10 (3.1.10)
)
(/usr/share/texlive/texmf-dist/tex/generic/pgf/basiclayer/pgfcorearrows.code.te
x
File: pgfcorearrows.code.tex 2023-01-15 v3.1.10 (3.1.10)
\pgfarrowsep=\dimen300
)
(/usr/share/texlive/texmf-dist/tex/generic/pgf/basiclayer/pgfcoreshade.code.tex
File: pgfcoreshade.code.tex 2023-01-15 v3.1.10 (3.1.10)
\pgf@max=\dimen301
\pgf@sys@shading@range@num=\count359
\pgf@shadingcount=\count360
)
(/usr/share/texlive/texmf-dist/tex/generic/pgf/basiclayer/pgfcoreimage.code.tex
File: pgfcoreimage.code.tex 2023-01-15 v3.1.10 (3.1.10)
)
(/usr/share/texlive/texmf-dist/tex/generic/pgf/basiclayer/pgfcoreexternal.code.
tex
File: pgfcoreexternal.code.tex 2023-01-15 v3.1.10 (3.1.10)
\pgfexternal@startupbox=\box117
)
(/usr/share/texlive/texmf-dist/tex/generic/pgf/basiclayer/pgfcorelayers.code.te
x
File: pgfcorelayers.code.tex 2023-01-15 v3.1.10 (3.1.10)
)
(/usr/share/texlive/texmf-dist/tex/generic/pgf/basiclayer/pgfcoretransparency.c
ode.tex
File: pgfcoretransparency.code.tex 2023-01-15 v3.1.10 (3.1.10)
)
(/usr/share/texlive/texmf-dist/tex/generic/pgf/basiclayer/pgfcorepatterns.code.
tex
File: pgfcorepatterns.code.tex 2023-01-15 v3.1.10 (3.1.10)
)
(/usr/share/texlive/texmf-dist/tex/generic/pgf/basiclayer/pgfcorerdf.code.tex
File: pgfcorerdf.code.tex 2023-01-15 v3.1.10 (3.1.10)
)))
(/usr/share/texlive/texmf-dist/tex/generic/pgf/modules/pgfmoduleshapes.code.tex
File: pgfmoduleshapes.code.tex 2023-01-15 v3.1.10 (3.1.10)
\pgfnodeparttextbox=\box118
) (/usr/share/texlive/texmf-dist/tex/generic/pgf/modules/pgfmoduleplot.code.tex
File: pgfmoduleplot.code.tex 2023-01-15 v3.1.10 (3.1.10)
)
(/usr/share/texlive/texmf-dist/tex/latex/pgf/compatibility/pgfcomp-version-0-65
.sty
Package: pgfcomp-version-0-65 2023-01-15 v3.1.10 (3.1.10)
\pgf@nodesepstart=\dimen302
\pgf@nodesepend=\dimen303
)
(/usr/share/texlive/texmf-dist/tex/latex/pgf/compatibility/pgfcomp-version-1-18
.sty
Package: pgfcomp-version-1-18 2023-01-15 v3.1.10 (3.1.10)
)) (/usr/share/texlive/texmf-dist/tex/latex/pgf/utilities/pgffor.sty
(/usr/share/texlive/texmf-dist/tex/latex/pgf/utilities/pgfkeys.sty
(/usr/share/texlive/texmf-dist/tex/generic/pgf/utilities/pgfkeys.code.tex))
(/usr/share/texlive/texmf-dist/tex/latex/pgf/math/pgfmath.sty
(/usr/share/texlive/texmf-dist/tex/generic/pgf/math/pgfmath.code.tex))
(/usr/share/texlive/texmf-dist/tex/generic/pgf/utilities/pgffor.code.tex
Package: pgffor 2023-01-15 v3.1.10 (3.1.10)
\pgffor@iter=\dimen304
\pgffor@skip=\dimen305
\pgffor@stack=\toks46
\pgffor@toks=\toks47
))
(/usr/share/texlive/texmf-dist/tex/generic/pgf/frontendlayer/tikz/tikz.code.tex
Package: tikz 2023-01-15 v3.1.10 (3.1.10)

(/usr/share/texlive/texmf-dist/tex/generic/pgf/libraries/pgflibraryplothandlers
.code.tex
File: pgflibraryplothandlers.code.tex 2023-01-15 v3.1.10 (3.1.10)
\pgf@plot@mark@count=\count361
\pgfplotmarksize=\dimen306
)
\tikz@lastx=\dimen307
\tikz@lasty=\dimen308
\tikz@lastxsaved=\dimen309
\tikz@lastysaved=\dimen310
\tikz@lastmovetox=\dimen311
\tikz@lastmovetoy=\dimen312
\tikzleveldistance=\dimen313
\tikzsiblingdistance=\dimen314
\tikz@figbox=\box119
\tikz@figbox@bg=\box120
\tikz@tempbox=\box121
\tikz@tempbox@bg=\box122
\tikztreelevel=\count362
\tikznumberofchildren=\count363
\tikznumberofcurrentchild=\count364
\tikz@fig@count=\count365

(/usr/share/texlive/texmf-dist/tex/generic/pgf/modules/pgfmodulematrix.code.tex
File: pgfmodulematrix.code.tex 2023-01-15 v3.1.10 (3.1.10)
\pgfmatrixcurrentrow=\count366
\pgfmatrixcurrentcolumn=\count367
\pgf@matrix@numberofcolumns=\count368
)
\tikz@expandcount=\count369

(/usr/share/texlive/texmf-dist/tex/generic/pgf/frontendlayer/tikz/libraries/tik
zlibrarytopaths.code.tex
File: tikzlibrarytopaths.code.tex 2023-01-15 v3.1.10 (3.1.10)
)))
(/usr/share/texlive/texmf-dist/tex/generic/pgf/frontendlayer/tikz/libraries/tik
zlibrarypositioning.code.tex
File: tikzlibrarypositioning.code.tex 2023-01-15 v3.1.10 (3.1.10)
)
\c@@todonotes@numberoftodonotes=\count370
)
(/usr/share/texlive/texmf-dist/tex/latex/csquotes/csquotes.sty
Package: csquotes 2022-09-14 v5.2n context-sensitive quotations (JAW)
\csq@reset=\count371
\csq@gtype=\count372
\csq@glevel=\count373
\csq@qlevel=\count374
\csq@maxlvl=\count375
\csq@tshold=\count376
\csq@ltx@everypar=\toks48

(/usr/share/texlive/texmf-dist/tex/latex/csquotes/csquotes.def
File: csquotes.def 2022-09-14 v5.2n csquotes generic definitions (JAW)
)
Package csquotes Info: Trying to load configuration file 'csquotes.cfg'...
Package csquotes Info: ... configuration file loaded successfully.

(/usr/share/texlive/texmf-dist/tex/latex/csquotes/csquotes.cfg
File: csquotes.cfg 
))
(/usr/share/texlive/texmf-dist/tex/latex/lipsum/lipsum.sty
(/usr/share/texlive/texmf-dist/tex/latex/l3packages/l3keys2e/l3keys2e.sty
(/usr/share/texlive/texmf-dist/tex/latex/l3kernel/expl3.sty
Package: expl3 2023-02-22 L3 programming layer (loader) 

(/usr/share/texlive/texmf-dist/tex/latex/l3backend/l3backend-pdftex.def
File: l3backend-pdftex.def 2023-01-16 L3 backend support: PDF output (pdfTeX)
\l__color_backend_stack_int=\count377
\l__pdf_internal_box=\box123
))
Package: l3keys2e 2023-02-02 LaTeX2e option processing using LaTeX3 keys
)
Package: lipsum 2021-09-20 v2.7 150 paragraphs of Lorem Ipsum dummy text
\g__lipsum_par_int=\count378
\l__lipsum_a_int=\count379
\l__lipsum_b_int=\count380

(/usr/share/texlive/texmf-dist/tex/latex/lipsum/lipsum.ltd.tex))
(/usr/share/texlive/texmf-dist/tex/latex/multirow/multirow.sty
Package: multirow 2021/03/15 v2.8 Span multiple rows of a table
\multirow@colwidth=\skip66
\multirow@cntb=\count381
\multirow@dima=\skip67
\bigstrutjot=\dimen315
)
<<<<<<< HEAD
LaTeX Info: Redefining \. on input line 36.
LaTeX Info: Redefining \% on input line 36.
=======
LaTeX Info: Redefining \. on input line 40.
LaTeX Info: Redefining \% on input line 40.
 (/usr/local/texlive/2024/texmf-dist/tex/latex/appendix/appendix.sty
Package: appendix 2020/02/08 v1.2c extra appendix facilities
\c@@pps=\count390
\c@@ppsavesec=\count391
\c@@ppsaveapp=\count392
)) (/Users/jose/Library/CloudStorage/OneDrive-alum.uca.es/UNI/Universidad/Notes/PDFs EDNL/PracticasEDNL/configuracion/estilos.tex)
runsystem(command -v pygmentize && touch PracticasEDNL.aex)...executed.
>>>>>>> 93454e9ea954e810ddfed0bce25729a22a237b1f

(/usr/share/texlive/texmf-dist/tex/latex/appendix/appendix.sty
Package: appendix 2020/02/08 v1.2c extra appendix facilities
\c@@pps=\count382
\c@@ppsavesec=\count383
\c@@ppsaveapp=\count384
))
(./configuracion/estilos.tex)
runsystem(which pygmentize && touch PracticasEDNL.aex)...disabled (restricted).



! Package minted Error: You must have `pygmentize' installed to use this packag
e.

See the minted package documentation for explanation.
Type  H <return>  for immediate help.
 ...                                              
                                                  
l.8 \begin{document}
                    
Refer to the installation instructions in the minted documentation for more inf
ormation.

Package csquotes Info: Checking for multilingual support...
Package csquotes Info: ... found 'babel' package.
Package csquotes Info: Adjusting default style.
Package csquotes Info: Redefining alias 'default' -> 'spanish'.
<<<<<<< HEAD
(./PracticasEDNL.aux
=======
 (/Users/jose/Library/CloudStorage/OneDrive-alum.uca.es/UNI/Universidad/Notes/PDFs EDNL/PracticasEDNL/PracticasEDNL.aux
>>>>>>> 93454e9ea954e810ddfed0bce25729a22a237b1f
LaTeX Info: Redefining \. on input line 11.
LaTeX Info: Redefining \% on input line 11.
LaTeX Info: Redefining \. on input line 12.
LaTeX Info: Redefining \% on input line 12.
)
\openout1 = `PracticasEDNL.aux'.

LaTeX Font Info:    Checking defaults for OML/cmm/m/it on input line 9.
LaTeX Font Info:    ... okay on input line 9.
LaTeX Font Info:    Checking defaults for OMS/cmsy/m/n on input line 9.
LaTeX Font Info:    ... okay on input line 9.
LaTeX Font Info:    Checking defaults for OT1/cmr/m/n on input line 9.
LaTeX Font Info:    ... okay on input line 9.
LaTeX Font Info:    Checking defaults for T1/cmr/m/n on input line 9.
LaTeX Font Info:    ... okay on input line 9.
LaTeX Font Info:    Checking defaults for TS1/cmr/m/n on input line 9.
LaTeX Font Info:    ... okay on input line 9.
LaTeX Font Info:    Checking defaults for OMX/cmex/m/n on input line 9.
LaTeX Font Info:    ... okay on input line 9.
LaTeX Font Info:    Checking defaults for U/cmr/m/n on input line 9.
LaTeX Font Info:    ... okay on input line 9.
LaTeX Font Info:    Checking defaults for PD1/pdf/m/n on input line 9.
LaTeX Font Info:    ... okay on input line 9.
LaTeX Font Info:    Checking defaults for PU/pdf/m/n on input line 9.
LaTeX Font Info:    ... okay on input line 9.
Package caption Info: Begin \AtBeginDocument code.
Package caption Info: float package is loaded.
Package caption Info: hyperref package is loaded.
Package caption Info: listings package is loaded.
Package caption Info: End \AtBeginDocument code.

(/usr/share/texlive/texmf-dist/tex/context/base/mkii/supp-pdf.mkii
[Loading MPS to PDF converter (version 2006.09.02).]
\scratchcounter=\count385
\scratchdimen=\dimen316
\scratchbox=\box124
\nofMPsegments=\count386
\nofMParguments=\count387
\everyMPshowfont=\toks49
\MPscratchCnt=\count388
\MPscratchDim=\dimen317
\MPnumerator=\count389
\makeMPintoPDFobject=\count390
\everyMPtoPDFconversion=\toks50
) (/usr/share/texlive/texmf-dist/tex/latex/epstopdf-pkg/epstopdf-base.sty
Package: epstopdf-base 2020-01-24 v2.11 Base part for package epstopdf
Package epstopdf-base Info: Redefining graphics rule for `.eps' on input line 4
85.

(/usr/share/texlive/texmf-dist/tex/latex/latexconfig/epstopdf-sys.cfg
File: epstopdf-sys.cfg 2010/07/13 v1.3 Configuration of (r)epstopdf for TeX Liv
e
))
<<<<<<< HEAD
LaTeX Info: Redefining \. on input line 8.
LaTeX Info: Redefining \% on input line 8.
Package hyperref Info: Link coloring ON on input line 8.

(./PracticasEDNL.out) (./PracticasEDNL.out)
=======
LaTeX Info: Redefining \. on input line 9.
LaTeX Info: Redefining \% on input line 9.
Package hyperref Info: Link coloring ON on input line 9.
 (/Users/jose/Library/CloudStorage/OneDrive-alum.uca.es/UNI/Universidad/Notes/PDFs EDNL/PracticasEDNL/PracticasEDNL.out) (/Users/jose/Library/CloudStorage/OneDrive-alum.uca.es/UNI/Universidad/Notes/PDFs EDNL/PracticasEDNL/PracticasEDNL.out)
>>>>>>> 93454e9ea954e810ddfed0bce25729a22a237b1f
\@outlinefile=\write6
\openout6 = `PracticasEDNL.out'.

\c@lstlisting=\count391

*geometry* driver: auto-detecting
*geometry* detected driver: pdftex
*geometry* verbose mode - [ preamble ] result:
* driver: pdftex
* paper: a4paper
* layout: <same size as paper>
* layoutoffset:(h,v)=(0.0pt,0.0pt)
* modes: twoside 
* h-part:(L,W,R)=(78.24507pt, 441.01773pt, 78.24507pt)
* v-part:(T,H,B)=(78.24507pt, 688.5567pt, 78.24507pt)
* \paperwidth=597.50787pt
* \paperheight=845.04684pt
* \textwidth=441.01773pt
* \textheight=688.5567pt
* \oddsidemargin=5.97508pt
* \evensidemargin=5.97508pt
* \topmargin=-31.02492pt
* \headheight=12.0pt
* \headsep=25.0pt
* \topskip=11.0pt
* \footskip=30.0pt
* \marginparwidth=113.0pt
* \marginparsep=10.0pt
* \columnsep=10.0pt
* \skip\footins=10.0pt plus 4.0pt minus 2.0pt
* \hoffset=0.0pt
* \voffset=0.0pt
* \mag=1000
* \@twocolumnfalse
* \@twosidetrue
* \@mparswitchtrue
* \@reversemarginfalse
* (1in=72.27pt=25.4mm, 1cm=28.453pt)

Couldn't patch \ttl@straight@ii
Couldn't patch \ttl@straight@ii
(/Users/jose/Library/CloudStorage/OneDrive-alum.uca.es/UNI/Universidad/Notes/PDFs EDNL/PracticasEDNL/chaps/00_Portada.tex) [1

<<<<<<< HEAD
{/var/lib/texmf/fonts/map/pdftex/updmap/pdftex.map}] (./PracticasEDNL.toc
=======
{/usr/local/texlive/2024/texmf-var/fonts/map/pdftex/updmap/pdftex.map}] (/Users/jose/Library/CloudStorage/OneDrive-alum.uca.es/UNI/Universidad/Notes/PDFs EDNL/PracticasEDNL/PracticasEDNL.toc
>>>>>>> 93454e9ea954e810ddfed0bce25729a22a237b1f
LaTeX Info: Redefining \. on input line 1.
LaTeX Info: Redefining \% on input line 1.
LaTeX Info: Redefining \. on input line 2.
LaTeX Info: Redefining \% on input line 2.
LaTeX Font Info:    Trying to load font information for U+msa on input line 4.
 (/usr/share/texlive/texmf-dist/tex/latex/amsfonts/umsa.fd
File: umsa.fd 2013/01/14 v3.01 AMS symbols A
)
LaTeX Font Info:    Trying to load font information for U+msb on input line 4.
 (/usr/share/texlive/texmf-dist/tex/latex/amsfonts/umsb.fd
File: umsb.fd 2013/01/14 v3.01 AMS symbols B
))
\tf@toc=\write7
\openout7 = `PracticasEDNL.toc'.

<<<<<<< HEAD

(./chaps/Párboles.tex [2
=======
 (/Users/jose/Library/CloudStorage/OneDrive-alum.uca.es/UNI/Universidad/Notes/PDFs EDNL/PracticasEDNL/chaps/Párboles.tex [2
>>>>>>> 93454e9ea954e810ddfed0bce25729a22a237b1f

]
Cap\'{\i }tulo 1.
(/Users/jose/Library/CloudStorage/OneDrive-alum.uca.es/UNI/Universidad/Notes/PDFs EDNL/PracticasEDNL/chaps/Arboles/P1.tex
\openout3 = `PracticasEDNL.pyg'.

<<<<<<< HEAD
 (./_minted-PracticasEDNL/default.pygstyle)
(./_minted-PracticasEDNL/489E323248D64DB2E393D00CE34C0E86FE898BF36090D6A06192B7
DE27289821.pygtex
LaTeX Font Info:    Trying to load font information for OT1+zi4 on input line 1
.

(/usr/share/texlive/texmf-dist/tex/latex/inconsolata/ot1zi4.fd
=======
 (/Users/jose/Library/CloudStorage/OneDrive-alum.uca.es/UNI/Universidad/Notes/PDFs EDNL/PracticasEDNL/_minted-PracticasEDNL/default.pygstyle) (/Users/jose/Library/CloudStorage/OneDrive-alum.uca.es/UNI/Universidad/Notes/PDFs EDNL/PracticasEDNL/_minted-PracticasEDNL/489E323248D64DB2E393D00CE34C0E86FE898BF36090D6A06192B7DE27289821.pygtex
LaTeX Font Info:    Trying to load font information for OT1+zi4 on input line 1.
 (/usr/local/texlive/2024/texmf-dist/tex/latex/inconsolata/ot1zi4.fd
>>>>>>> 93454e9ea954e810ddfed0bce25729a22a237b1f
File: ot1zi4.fd 2018/01/14 OT1/zi4 (Inconsolata)
)
LaTeX Font Info:    Font shape `OT1/zi4/m/n' will be
(Font)              scaled to size 10.95pt on input line 1.


LaTeX Font Warning: Font shape `OT1/zi4/m/it' undefined
(Font)              using `OT1/zi4/m/n' instead on input line 2.

LaTeX Font Info:    Font shape `OT1/zi4/m/it' will be
(Font)              scaled to size 10.95pt on input line 2.
)
\openout3 = `PracticasEDNL.pyg'.

<<<<<<< HEAD

(./_minted-PracticasEDNL/26B4CA37FD767F340F986CB3EDA2B87EFE898BF36090D6A06192B7
DE27289821.pygtex
=======
 (/Users/jose/Library/CloudStorage/OneDrive-alum.uca.es/UNI/Universidad/Notes/PDFs EDNL/PracticasEDNL/_minted-PracticasEDNL/26B4CA37FD767F340F986CB3EDA2B87EFE898BF36090D6A06192B7DE27289821.pygtex
>>>>>>> 93454e9ea954e810ddfed0bce25729a22a237b1f
LaTeX Font Info:    Font shape `OT1/zi4/b/n' will be
(Font)              scaled to size 10.95pt on input line 2.
LaTeX Font Info:    Font shape `OT1/zi4/m/n' will be
(Font)              scaled to size 6.0pt on input line 10.
)
\openout3 = `PracticasEDNL.pyg'.

<<<<<<< HEAD
=======
 (/Users/jose/Library/CloudStorage/OneDrive-alum.uca.es/UNI/Universidad/Notes/PDFs EDNL/PracticasEDNL/_minted-PracticasEDNL/BE38C6FF34FD02E366F9A6ECF9AA5921FE898BF36090D6A06192B7DE27289821.pygtex [3
>>>>>>> 93454e9ea954e810ddfed0bce25729a22a237b1f

(./_minted-PracticasEDNL/BE38C6FF34FD02E366F9A6ECF9AA5921FE898BF36090D6A06192B7
DE27289821.pygtex [3

{/usr/share/texlive/texmf-dist/fonts/enc/dvips/inconsolata/i4-ot1-0.enc}])
\openout3 = `PracticasEDNL.pyg'.

<<<<<<< HEAD

(./_minted-PracticasEDNL/9529100873F32FBA184192A322C30882FE898BF36090D6A06192B7
DE27289821.pygtex)
\openout3 = `PracticasEDNL.pyg'.


(./_minted-PracticasEDNL/35FDE9C09163DB25B7998FADE3BDBCBDFE898BF36090D6A06192B7
DE27289821.pygtex [4])
\openout3 = `PracticasEDNL.pyg'.


(./_minted-PracticasEDNL/CAB161871648F040F95DCEB6BB9DD30DFE898BF36090D6A06192B7
DE27289821.pygtex)
\openout3 = `PracticasEDNL.pyg'.


(./_minted-PracticasEDNL/A1AC04AC289DF3E4E158EFC13C349A4AFE898BF36090D6A06192B7
DE27289821.pygtex [5])
\openout3 = `PracticasEDNL.pyg'.


(./_minted-PracticasEDNL/C9229089B0B33B130482AE5F625510ABFE898BF36090D6A06192B7
DE27289821.pygtex)) (./chaps/Arboles/P2.tex
Underfull \vbox (badness 6910) has occurred while \output is active []

 [6]
\openout3 = `PracticasEDNL.pyg'.


(./_minted-PracticasEDNL/D4AEB22252E511B5B074788AA890AA18FE898BF36090D6A06192B7
DE27289821.pygtex)
\openout3 = `PracticasEDNL.pyg'.


(./_minted-PracticasEDNL/8023CEA6AC51B8C29B718A94D2145580FE898BF36090D6A06192B7
DE27289821.pygtex [7])
=======
 (/Users/jose/Library/CloudStorage/OneDrive-alum.uca.es/UNI/Universidad/Notes/PDFs EDNL/PracticasEDNL/_minted-PracticasEDNL/9529100873F32FBA184192A322C30882FE898BF36090D6A06192B7DE27289821.pygtex)
\openout3 = `PracticasEDNL.pyg'.

 (/Users/jose/Library/CloudStorage/OneDrive-alum.uca.es/UNI/Universidad/Notes/PDFs EDNL/PracticasEDNL/_minted-PracticasEDNL/35FDE9C09163DB25B7998FADE3BDBCBDFE898BF36090D6A06192B7DE27289821.pygtex [4])
\openout3 = `PracticasEDNL.pyg'.

 (/Users/jose/Library/CloudStorage/OneDrive-alum.uca.es/UNI/Universidad/Notes/PDFs EDNL/PracticasEDNL/_minted-PracticasEDNL/CAB161871648F040F95DCEB6BB9DD30DFE898BF36090D6A06192B7DE27289821.pygtex)
\openout3 = `PracticasEDNL.pyg'.

 (/Users/jose/Library/CloudStorage/OneDrive-alum.uca.es/UNI/Universidad/Notes/PDFs EDNL/PracticasEDNL/_minted-PracticasEDNL/A1AC04AC289DF3E4E158EFC13C349A4AFE898BF36090D6A06192B7DE27289821.pygtex [5])
\openout3 = `PracticasEDNL.pyg'.

 (/Users/jose/Library/CloudStorage/OneDrive-alum.uca.es/UNI/Universidad/Notes/PDFs EDNL/PracticasEDNL/_minted-PracticasEDNL/C9229089B0B33B130482AE5F625510ABFE898BF36090D6A06192B7DE27289821.pygtex)) [6] (/Users/jose/Library/CloudStorage/OneDrive-alum.uca.es/UNI/Universidad/Notes/PDFs EDNL/PracticasEDNL/chaps/Arboles/P2.tex
\openout3 = `PracticasEDNL.pyg'.

 (/Users/jose/Library/CloudStorage/OneDrive-alum.uca.es/UNI/Universidad/Notes/PDFs EDNL/PracticasEDNL/_minted-PracticasEDNL/D4AEB22252E511B5B074788AA890AA18FE898BF36090D6A06192B7DE27289821.pygtex)
\openout3 = `PracticasEDNL.pyg'.

 (/Users/jose/Library/CloudStorage/OneDrive-alum.uca.es/UNI/Universidad/Notes/PDFs EDNL/PracticasEDNL/_minted-PracticasEDNL/8023CEA6AC51B8C29B718A94D2145580FE898BF36090D6A06192B7DE27289821.pygtex [7])
>>>>>>> 93454e9ea954e810ddfed0bce25729a22a237b1f
<assets/p2.1.png, id=104, 506.89375pt x 419.5675pt>
File: assets/p2.1.png Graphic file (type png)
<use assets/p2.1.png>
Package pdftex.def Info: assets/p2.1.png  used on input line 69.
(pdftex.def)             Requested size: 132.30666pt x 109.5075pt.
\openout3 = `PracticasEDNL.pyg'.

<<<<<<< HEAD

(./_minted-PracticasEDNL/279DAA3681A8FAC0AA3F367256670CAAFE898BF36090D6A06192B7
DE27289821.pygtex)
\openout3 = `PracticasEDNL.pyg'.


(./_minted-PracticasEDNL/4B49BC11785B35AFA126BA91882DF23DFE898BF36090D6A06192B7
DE27289821.pygtex
LaTeX Font Info:    Trying to load font information for TS1+zi4 on input line 2
.

(/usr/share/texlive/texmf-dist/tex/latex/inconsolata/ts1zi4.fd
=======
 (/Users/jose/Library/CloudStorage/OneDrive-alum.uca.es/UNI/Universidad/Notes/PDFs EDNL/PracticasEDNL/_minted-PracticasEDNL/279DAA3681A8FAC0AA3F367256670CAAFE898BF36090D6A06192B7DE27289821.pygtex)
\openout3 = `PracticasEDNL.pyg'.

 (/Users/jose/Library/CloudStorage/OneDrive-alum.uca.es/UNI/Universidad/Notes/PDFs EDNL/PracticasEDNL/_minted-PracticasEDNL/4B49BC11785B35AFA126BA91882DF23DFE898BF36090D6A06192B7DE27289821.pygtex
LaTeX Font Info:    Trying to load font information for TS1+zi4 on input line 2.
 (/usr/local/texlive/2024/texmf-dist/tex/latex/inconsolata/ts1zi4.fd
>>>>>>> 93454e9ea954e810ddfed0bce25729a22a237b1f
File: ts1zi4.fd 2018/01/14 TS1/zi4 (Inconsolata)
)
LaTeX Font Info:    Font shape `TS1/zi4/m/n' will be
(Font)              scaled to size 10.95pt on input line 2.
)
\openout3 = `PracticasEDNL.pyg'.

<<<<<<< HEAD

(./_minted-PracticasEDNL/2E93BF88F0D0B0C15D1B6B8A686B231CFE898BF36090D6A06192B7
DE27289821.pygtex [8{/usr/share/texlive/texmf-dist/fonts/enc/dvips/cm-super/cm-
super-ts1.enc}{/usr/share/texlive/texmf-dist/fonts/enc/dvips/inconsolata/i4-ts1
.enc} <./assets/p2.1.png>])
\openout3 = `PracticasEDNL.pyg'.


(./_minted-PracticasEDNL/5F1FA87E32DD92FAEAD368813691E440FE898BF36090D6A06192B7
DE27289821.pygtex)) (./chaps/Arboles/P3.tex
\openout3 = `PracticasEDNL.pyg'.


(./_minted-PracticasEDNL/F4198FD42DAF12BEC6AF32472FBDBCD9FE898BF36090D6A06192B7
DE27289821.pygtex)
\openout3 = `PracticasEDNL.pyg'.


(./_minted-PracticasEDNL/9CDD2F4C606692357DBD341D54DA77C5FE898BF36090D6A06192B7
DE27289821.pygtex [9])
\openout3 = `PracticasEDNL.pyg'.


(./_minted-PracticasEDNL/7B6510026AA2088B91ACFB3A4F409732FE898BF36090D6A06192B7
DE27289821.pygtex)
\openout3 = `PracticasEDNL.pyg'.


(./_minted-PracticasEDNL/4DE49CBB784405F47F56116BE809BB5DFE898BF36090D6A06192B7
DE27289821.pygtex [10])
\openout3 = `PracticasEDNL.pyg'.


(./_minted-PracticasEDNL/3EAA3E895C4BCD96BD47AA5D01CFEDB4FE898BF36090D6A06192B7
DE27289821.pygtex [11])) (./chaps/Arboles/P4.tex
\openout3 = `PracticasEDNL.pyg'.


(./_minted-PracticasEDNL/47881BB0B3D4EE4574E7A830A59A2D99FE898BF36090D6A06192B7
DE27289821.pygtex) [12]
=======
 (/Users/jose/Library/CloudStorage/OneDrive-alum.uca.es/UNI/Universidad/Notes/PDFs EDNL/PracticasEDNL/_minted-PracticasEDNL/2E93BF88F0D0B0C15D1B6B8A686B231CFE898BF36090D6A06192B7DE27289821.pygtex [8{/usr/local/texlive/2024/texmf-dist/fonts/enc/dvips/cm-super/cm-super-ts1.enc}{/usr/local/texlive/2024/texmf-dist/fonts/enc/dvips/inconsolata/i4-ts1.enc} </Users/jose/Library/CloudStorage/OneDrive-alum.uca.es/UNI/Universidad/Notes/PDFs EDNL/PracticasEDNL/assets/p2.1.png>])
\openout3 = `PracticasEDNL.pyg'.

 (/Users/jose/Library/CloudStorage/OneDrive-alum.uca.es/UNI/Universidad/Notes/PDFs EDNL/PracticasEDNL/_minted-PracticasEDNL/5F1FA87E32DD92FAEAD368813691E440FE898BF36090D6A06192B7DE27289821.pygtex)) [9] (/Users/jose/Library/CloudStorage/OneDrive-alum.uca.es/UNI/Universidad/Notes/PDFs EDNL/PracticasEDNL/chaps/Arboles/P3.tex
\openout3 = `PracticasEDNL.pyg'.

 (/Users/jose/Library/CloudStorage/OneDrive-alum.uca.es/UNI/Universidad/Notes/PDFs EDNL/PracticasEDNL/_minted-PracticasEDNL/F4198FD42DAF12BEC6AF32472FBDBCD9FE898BF36090D6A06192B7DE27289821.pygtex)
\openout3 = `PracticasEDNL.pyg'.

 (/Users/jose/Library/CloudStorage/OneDrive-alum.uca.es/UNI/Universidad/Notes/PDFs EDNL/PracticasEDNL/_minted-PracticasEDNL/9CDD2F4C606692357DBD341D54DA77C5FE898BF36090D6A06192B7DE27289821.pygtex)
\openout3 = `PracticasEDNL.pyg'.

 (/Users/jose/Library/CloudStorage/OneDrive-alum.uca.es/UNI/Universidad/Notes/PDFs EDNL/PracticasEDNL/_minted-PracticasEDNL/7B6510026AA2088B91ACFB3A4F409732FE898BF36090D6A06192B7DE27289821.pygtex) [10]
\openout3 = `PracticasEDNL.pyg'.

 (/Users/jose/Library/CloudStorage/OneDrive-alum.uca.es/UNI/Universidad/Notes/PDFs EDNL/PracticasEDNL/_minted-PracticasEDNL/4DE49CBB784405F47F56116BE809BB5DFE898BF36090D6A06192B7DE27289821.pygtex)
\openout3 = `PracticasEDNL.pyg'.

 (/Users/jose/Library/CloudStorage/OneDrive-alum.uca.es/UNI/Universidad/Notes/PDFs EDNL/PracticasEDNL/_minted-PracticasEDNL/3EAA3E895C4BCD96BD47AA5D01CFEDB4FE898BF36090D6A06192B7DE27289821.pygtex [11])) [12] (/Users/jose/Library/CloudStorage/OneDrive-alum.uca.es/UNI/Universidad/Notes/PDFs EDNL/PracticasEDNL/chaps/Arboles/P4.tex
\openout3 = `PracticasEDNL.pyg'.

 (/Users/jose/Library/CloudStorage/OneDrive-alum.uca.es/UNI/Universidad/Notes/PDFs EDNL/PracticasEDNL/_minted-PracticasEDNL/47881BB0B3D4EE4574E7A830A59A2D99FE898BF36090D6A06192B7DE27289821.pygtex)
>>>>>>> 93454e9ea954e810ddfed0bce25729a22a237b1f
<assets/Abb1.png, id=134, 564.1075pt x 266.9975pt>
File: assets/Abb1.png Graphic file (type png)
<use assets/Abb1.png>
Package pdftex.def Info: assets/Abb1.png  used on input line 16.
(pdftex.def)             Requested size: 308.71106pt x 146.11574pt.
\openout3 = `PracticasEDNL.pyg'.

<<<<<<< HEAD

(./_minted-PracticasEDNL/47629EEEC8F99A9E184E30BB7689DC38FE898BF36090D6A06192B7
DE27289821.pygtex)
\openout3 = `PracticasEDNL.pyg'.


(./_minted-PracticasEDNL/F202407ECDB7B5BF7F7E5653DD05E8E0FE898BF36090D6A06192B7
DE27289821.pygtex [13 <./assets/Abb1.png>])
\openout3 = `PracticasEDNL.pyg'.


(./_minted-PracticasEDNL/BEEE9F55E8548D73B46BE878D20E1B39FE898BF36090D6A06192B7
DE27289821.pygtex)
\openout3 = `PracticasEDNL.pyg'.


(./_minted-PracticasEDNL/91FFAF47FCB5E8A0A6E5EEF4984432EDFE898BF36090D6A06192B7
DE27289821.pygtex [14])
\openout3 = `PracticasEDNL.pyg'.


(./_minted-PracticasEDNL/FA0A99746913DA481733A288D79A8125FE898BF36090D6A06192B7
DE27289821.pygtex)) [15] (./chaps/Arboles/p5.tex
\openout3 = `PracticasEDNL.pyg'.


(./_minted-PracticasEDNL/275A04EEC36105CE454BA62EF2EC876FFE898BF36090D6A06192B7
DE27289821.pygtex)
\openout3 = `PracticasEDNL.pyg'.


(./_minted-PracticasEDNL/8CAE554A738B8B143C16B40E0401568CFE898BF36090D6A06192B7
DE27289821.pygtex [16])
\openout3 = `PracticasEDNL.pyg'.


(./_minted-PracticasEDNL/1B807F301179E5F86D1B067D1C327CE6FE898BF36090D6A06192B7
DE27289821.pygtex [17]
=======
 (/Users/jose/Library/CloudStorage/OneDrive-alum.uca.es/UNI/Universidad/Notes/PDFs EDNL/PracticasEDNL/_minted-PracticasEDNL/47629EEEC8F99A9E184E30BB7689DC38FE898BF36090D6A06192B7DE27289821.pygtex) [13 </Users/jose/Library/CloudStorage/OneDrive-alum.uca.es/UNI/Universidad/Notes/PDFs EDNL/PracticasEDNL/assets/Abb1.png>]
\openout3 = `PracticasEDNL.pyg'.

 (/Users/jose/Library/CloudStorage/OneDrive-alum.uca.es/UNI/Universidad/Notes/PDFs EDNL/PracticasEDNL/_minted-PracticasEDNL/F202407ECDB7B5BF7F7E5653DD05E8E0FE898BF36090D6A06192B7DE27289821.pygtex)
\openout3 = `PracticasEDNL.pyg'.

 (/Users/jose/Library/CloudStorage/OneDrive-alum.uca.es/UNI/Universidad/Notes/PDFs EDNL/PracticasEDNL/_minted-PracticasEDNL/BEEE9F55E8548D73B46BE878D20E1B39FE898BF36090D6A06192B7DE27289821.pygtex [14])
\openout3 = `PracticasEDNL.pyg'.

 (/Users/jose/Library/CloudStorage/OneDrive-alum.uca.es/UNI/Universidad/Notes/PDFs EDNL/PracticasEDNL/_minted-PracticasEDNL/91FFAF47FCB5E8A0A6E5EEF4984432EDFE898BF36090D6A06192B7DE27289821.pygtex)
\openout3 = `PracticasEDNL.pyg'.

 (/Users/jose/Library/CloudStorage/OneDrive-alum.uca.es/UNI/Universidad/Notes/PDFs EDNL/PracticasEDNL/_minted-PracticasEDNL/FA0A99746913DA481733A288D79A8125FE898BF36090D6A06192B7DE27289821.pygtex [15])) [16] (/Users/jose/Library/CloudStorage/OneDrive-alum.uca.es/UNI/Universidad/Notes/PDFs EDNL/PracticasEDNL/chaps/Arboles/p5.tex
\openout3 = `PracticasEDNL.pyg'.

 (/Users/jose/Library/CloudStorage/OneDrive-alum.uca.es/UNI/Universidad/Notes/PDFs EDNL/PracticasEDNL/_minted-PracticasEDNL/275A04EEC36105CE454BA62EF2EC876FFE898BF36090D6A06192B7DE27289821.pygtex)
\openout3 = `PracticasEDNL.pyg'.

 (/Users/jose/Library/CloudStorage/OneDrive-alum.uca.es/UNI/Universidad/Notes/PDFs EDNL/PracticasEDNL/_minted-PracticasEDNL/8CAE554A738B8B143C16B40E0401568CFE898BF36090D6A06192B7DE27289821.pygtex [17])
\openout3 = `PracticasEDNL.pyg'.

 (/Users/jose/Library/CloudStorage/OneDrive-alum.uca.es/UNI/Universidad/Notes/PDFs EDNL/PracticasEDNL/_minted-PracticasEDNL/1B807F301179E5F86D1B067D1C327CE6FE898BF36090D6A06192B7DE27289821.pygtex [18]
>>>>>>> 93454e9ea954e810ddfed0bce25729a22a237b1f
Underfull \vbox (badness 10000) has occurred while \output is active []

 [19])
\openout3 = `PracticasEDNL.pyg'.

<<<<<<< HEAD

(./_minted-PracticasEDNL/90D0516E6252CBF03D42102B377EA550FE898BF36090D6A06192B7
DE27289821.pygtex)
\openout3 = `PracticasEDNL.pyg'.


(./_minted-PracticasEDNL/AF2BCC9E36AFCD3E6B75CAFA596ECFBCFE898BF36090D6A06192B7
DE27289821.pygtex [19])
<assets/p5.png, id=170, 1286.8075pt x 647.41875pt>
=======
 (/Users/jose/Library/CloudStorage/OneDrive-alum.uca.es/UNI/Universidad/Notes/PDFs EDNL/PracticasEDNL/_minted-PracticasEDNL/90D0516E6252CBF03D42102B377EA550FE898BF36090D6A06192B7DE27289821.pygtex)
\openout3 = `PracticasEDNL.pyg'.

 (/Users/jose/Library/CloudStorage/OneDrive-alum.uca.es/UNI/Universidad/Notes/PDFs EDNL/PracticasEDNL/_minted-PracticasEDNL/AF2BCC9E36AFCD3E6B75CAFA596ECFBCFE898BF36090D6A06192B7DE27289821.pygtex [20])
<assets/p5.png, id=174, 1286.8075pt x 647.41875pt>
>>>>>>> 93454e9ea954e810ddfed0bce25729a22a237b1f
File: assets/p5.png Graphic file (type png)
<use assets/p5.png>
Package pdftex.def Info: assets/p5.png  used on input line 196.
(pdftex.def)             Requested size: 308.71106pt x 155.31451pt.
 [21 </Users/jose/Library/CloudStorage/OneDrive-alum.uca.es/UNI/Universidad/Notes/PDFs EDNL/PracticasEDNL/assets/p5.png>]
\openout3 = `PracticasEDNL.pyg'.

<<<<<<< HEAD

(./_minted-PracticasEDNL/209ED58A94C884F3E47967729CD149F9FE898BF36090D6A06192B7
DE27289821.pygtex)) (./chaps/Arboles/Pextra.tex
\openout3 = `PracticasEDNL.pyg'.


(./_minted-PracticasEDNL/D299887683E4015401DA785208C6AD8DFE898BF36090D6A06192B7
DE27289821.pygtex [21])
\openout3 = `PracticasEDNL.pyg'.


(./_minted-PracticasEDNL/9F1C0E403FFFF4D7A5BFED85AB91D51FFE898BF36090D6A06192B7
DE27289821.pygtex
Underfull \vbox (badness 3098) has occurred while \output is active []

 [22])
\openout3 = `PracticasEDNL.pyg'.


(./_minted-PracticasEDNL/047D6B741C40DE294AAC5C1A39552B53FE898BF36090D6A06192B7
DE27289821.pygtex [23]))) (./chaps/Pgrafos.tex [24]
=======
 (/Users/jose/Library/CloudStorage/OneDrive-alum.uca.es/UNI/Universidad/Notes/PDFs EDNL/PracticasEDNL/_minted-PracticasEDNL/2D7415E3B538C845F7CD762FBCA83D73FE898BF36090D6A06192B7DE27289821.pygtex)) [22] (/Users/jose/Library/CloudStorage/OneDrive-alum.uca.es/UNI/Universidad/Notes/PDFs EDNL/PracticasEDNL/chaps/Arboles/Pextra.tex
\openout3 = `PracticasEDNL.pyg'.

 (/Users/jose/Library/CloudStorage/OneDrive-alum.uca.es/UNI/Universidad/Notes/PDFs EDNL/PracticasEDNL/_minted-PracticasEDNL/D299887683E4015401DA785208C6AD8DFE898BF36090D6A06192B7DE27289821.pygtex)
\openout3 = `PracticasEDNL.pyg'.

 (/Users/jose/Library/CloudStorage/OneDrive-alum.uca.es/UNI/Universidad/Notes/PDFs EDNL/PracticasEDNL/_minted-PracticasEDNL/9F1C0E403FFFF4D7A5BFED85AB91D51FFE898BF36090D6A06192B7DE27289821.pygtex [23])
\openout3 = `PracticasEDNL.pyg'.

 (/Users/jose/Library/CloudStorage/OneDrive-alum.uca.es/UNI/Universidad/Notes/PDFs EDNL/PracticasEDNL/_minted-PracticasEDNL/047D6B741C40DE294AAC5C1A39552B53FE898BF36090D6A06192B7DE27289821.pygtex [24]
Underfull \vbox (badness 10000) has occurred while \output is active []

 [25]))) (/Users/jose/Library/CloudStorage/OneDrive-alum.uca.es/UNI/Universidad/Notes/PDFs EDNL/PracticasEDNL/chaps/Pgrafos.tex [26]
>>>>>>> 93454e9ea954e810ddfed0bce25729a22a237b1f
Cap\'{\i }tulo 2.
[27

] (/Users/jose/Library/CloudStorage/OneDrive-alum.uca.es/UNI/Universidad/Notes/PDFs EDNL/PracticasEDNL/chaps/Grafos/P6.tex
\openout3 = `PracticasEDNL.pyg'.

<<<<<<< HEAD

(./_minted-PracticasEDNL/EB301A81BC52D7CA92E9F1B401BE864AFE898BF36090D6A06192B7
DE27289821.pygtex)
=======
 (/Users/jose/Library/CloudStorage/OneDrive-alum.uca.es/UNI/Universidad/Notes/PDFs EDNL/PracticasEDNL/_minted-PracticasEDNL/EB301A81BC52D7CA92E9F1B401BE864AFE898BF36090D6A06192B7DE27289821.pygtex)
>>>>>>> 93454e9ea954e810ddfed0bce25729a22a237b1f
Overfull \hbox (1.89638pt too wide) in paragraph at lines 11--12
[]$[]$ \OT1/cmr/m/it/10.95 A~nadir una fun-ci^^Son gen^^Seri-ca, lla-ma-da Dijk
s-traInv, en el fi-che-ro alg[]grafoPMC.h
 []

\openout3 = `PracticasEDNL.pyg'.

<<<<<<< HEAD

(./_minted-PracticasEDNL/9DEBC087A540EFE0E39C291283C7A2DBFE898BF36090D6A06192B7
DE27289821.pygtex [25

]) [26]
\openout3 = `PracticasEDNL.pyg'.


(./_minted-PracticasEDNL/B537A08C661966888045588958E64A2CFE898BF36090D6A06192B7
DE27289821.pygtex) [27]
\openout3 = `PracticasEDNL.pyg'.


(./_minted-PracticasEDNL/A6A07007233A806F4C4E62652AE30BB7FE898BF36090D6A06192B7
DE27289821.pygtex) [28]
\openout3 = `PracticasEDNL.pyg'.


(./_minted-PracticasEDNL/A3896B14265E8AF387F639D3E581C2E2FE898BF36090D6A06192B7
DE27289821.pygtex [29])
\openout3 = `PracticasEDNL.pyg'.


(./_minted-PracticasEDNL/51B56400E8CF36D80F3ACB4E07463BB8FE898BF36090D6A06192B7
DE27289821.pygtex [30])) (./chaps/Grafos/P7.tex
\openout3 = `PracticasEDNL.pyg'.


(./_minted-PracticasEDNL/BE7FDC7B3057D6F887427E8FFF62F2ABFE898BF36090D6A06192B7
DE27289821.pygtex [31]
Underfull \vbox (badness 10000) has occurred while \output is active []

 [32])
LaTeX Font Info:    Trying to load font information for OMS+zi4 on input line 9
0.
=======
(/Users/jose/Library/CloudStorage/OneDrive-alum.uca.es/UNI/Universidad/Notes/PDFs EDNL/PracticasEDNL/_minted-PracticasEDNL/9DEBC087A540EFE0E39C291283C7A2DBFE898BF36090D6A06192B7DE27289821.pygtex [28])
\openout3 = `PracticasEDNL.pyg'.

 (/Users/jose/Library/CloudStorage/OneDrive-alum.uca.es/UNI/Universidad/Notes/PDFs EDNL/PracticasEDNL/_minted-PracticasEDNL/B537A08C661966888045588958E64A2CFE898BF36090D6A06192B7DE27289821.pygtex [29])
\openout3 = `PracticasEDNL.pyg'.

 (/Users/jose/Library/CloudStorage/OneDrive-alum.uca.es/UNI/Universidad/Notes/PDFs EDNL/PracticasEDNL/_minted-PracticasEDNL/A6A07007233A806F4C4E62652AE30BB7FE898BF36090D6A06192B7DE27289821.pygtex [30]) [31]
\openout3 = `PracticasEDNL.pyg'.

 (/Users/jose/Library/CloudStorage/OneDrive-alum.uca.es/UNI/Universidad/Notes/PDFs EDNL/PracticasEDNL/_minted-PracticasEDNL/A3896B14265E8AF387F639D3E581C2E2FE898BF36090D6A06192B7DE27289821.pygtex [32])
\openout3 = `PracticasEDNL.pyg'.

 (/Users/jose/Library/CloudStorage/OneDrive-alum.uca.es/UNI/Universidad/Notes/PDFs EDNL/PracticasEDNL/_minted-PracticasEDNL/51B56400E8CF36D80F3ACB4E07463BB8FE898BF36090D6A06192B7DE27289821.pygtex [33])) [34] (/Users/jose/Library/CloudStorage/OneDrive-alum.uca.es/UNI/Universidad/Notes/PDFs EDNL/PracticasEDNL/chaps/Grafos/P7.tex
\openout3 = `PracticasEDNL.pyg'.

 (/Users/jose/Library/CloudStorage/OneDrive-alum.uca.es/UNI/Universidad/Notes/PDFs EDNL/PracticasEDNL/_minted-PracticasEDNL/BE7FDC7B3057D6F887427E8FFF62F2ABFE898BF36090D6A06192B7DE27289821.pygtex [35]) [36]
LaTeX Font Info:    Trying to load font information for OMS+zi4 on input line 90.
>>>>>>> 93454e9ea954e810ddfed0bce25729a22a237b1f
LaTeX Font Info:    No file OMSzi4.fd. on input line 90.


LaTeX Font Warning: Font shape `OMS/zi4/m/n' undefined
(Font)              using `OMS/cmsy/m/n' instead
(Font)              for symbol `textbraceleft' on input line 90.

\openout3 = `PracticasEDNL.pyg'.

<<<<<<< HEAD

(./_minted-PracticasEDNL/55C08C1546E814B6A5EA35ADA091D99DFE898BF36090D6A06192B7
DE27289821.pygtex [33]
Underfull \vbox (badness 1033) has occurred while \output is active []

 [34])
[35]
\openout3 = `PracticasEDNL.pyg'.


(./_minted-PracticasEDNL/947825C6ECF0B8F6AECE3EB82ED84AA3FE898BF36090D6A06192B7
DE27289821.pygtex)
\openout3 = `PracticasEDNL.pyg'.


(./_minted-PracticasEDNL/4F218DD269E5AF063F0F0301C9FB8114FE898BF36090D6A06192B7
DE27289821.pygtex [36])
\openout3 = `PracticasEDNL.pyg'.


(./_minted-PracticasEDNL/18AAFA528589BB2DA6F89A2619E88870FE898BF36090D6A06192B7
DE27289821.pygtex [37]) [38]
\openout3 = `PracticasEDNL.pyg'.


(./_minted-PracticasEDNL/15F810F153FF247B9F18D9AF153A192CFE898BF36090D6A06192B7
DE27289821.pygtex
=======
(/Users/jose/Library/CloudStorage/OneDrive-alum.uca.es/UNI/Universidad/Notes/PDFs EDNL/PracticasEDNL/_minted-PracticasEDNL/55C08C1546E814B6A5EA35ADA091D99DFE898BF36090D6A06192B7DE27289821.pygtex [37]) [38]
\openout3 = `PracticasEDNL.pyg'.

 (/Users/jose/Library/CloudStorage/OneDrive-alum.uca.es/UNI/Universidad/Notes/PDFs EDNL/PracticasEDNL/_minted-PracticasEDNL/947825C6ECF0B8F6AECE3EB82ED84AA3FE898BF36090D6A06192B7DE27289821.pygtex) [39]
\openout3 = `PracticasEDNL.pyg'.

 (/Users/jose/Library/CloudStorage/OneDrive-alum.uca.es/UNI/Universidad/Notes/PDFs EDNL/PracticasEDNL/_minted-PracticasEDNL/4F218DD269E5AF063F0F0301C9FB8114FE898BF36090D6A06192B7DE27289821.pygtex)
\openout3 = `PracticasEDNL.pyg'.

 (/Users/jose/Library/CloudStorage/OneDrive-alum.uca.es/UNI/Universidad/Notes/PDFs EDNL/PracticasEDNL/_minted-PracticasEDNL/18AAFA528589BB2DA6F89A2619E88870FE898BF36090D6A06192B7DE27289821.pygtex [40]
Underfull \vbox (badness 1033) has occurred while \output is active []

 [41])
\openout3 = `PracticasEDNL.pyg'.

 (/Users/jose/Library/CloudStorage/OneDrive-alum.uca.es/UNI/Universidad/Notes/PDFs EDNL/PracticasEDNL/_minted-PracticasEDNL/15F810F153FF247B9F18D9AF153A192CFE898BF36090D6A06192B7DE27289821.pygtex
>>>>>>> 93454e9ea954e810ddfed0bce25729a22a237b1f
Overfull \hbox (166.70625pt too wide) in paragraph at lines 20--20
[]\OT1/zi4/m/it/10.95 std[]::[]min(std[]::[]min(matriz_minima_tren[i][j],matriz
_minima_bus[i][j]),std[]::[]min(matriz_minima_bus[i][j],[] 
 []

[42])
\openout3 = `PracticasEDNL.pyg'.

<<<<<<< HEAD

(./_minted-PracticasEDNL/62173153AD35EC2F43B9901A4D1E912BFE898BF36090D6A06192B7
DE27289821.pygtex) [40]
\openout3 = `PracticasEDNL.pyg'.


(./_minted-PracticasEDNL/6E07632B53CE9EE91C921AD4BF193574FE898BF36090D6A06192B7
DE27289821.pygtex) [41]
\openout3 = `PracticasEDNL.pyg'.


(./_minted-PracticasEDNL/EFEFDCAFB3FA019FE0086D3C9B328BFFFE898BF36090D6A06192B7
DE27289821.pygtex [42]) [43]
\openout3 = `PracticasEDNL.pyg'.


(./_minted-PracticasEDNL/8A694C6DF9945E9E1EB8E6C5794411D0FE898BF36090D6A06192B7
DE27289821.pygtex [44]
=======
 (/Users/jose/Library/CloudStorage/OneDrive-alum.uca.es/UNI/Universidad/Notes/PDFs EDNL/PracticasEDNL/_minted-PracticasEDNL/62173153AD35EC2F43B9901A4D1E912BFE898BF36090D6A06192B7DE27289821.pygtex [43])
\openout3 = `PracticasEDNL.pyg'.

 (/Users/jose/Library/CloudStorage/OneDrive-alum.uca.es/UNI/Universidad/Notes/PDFs EDNL/PracticasEDNL/_minted-PracticasEDNL/6E07632B53CE9EE91C921AD4BF193574FE898BF36090D6A06192B7DE27289821.pygtex [44])
\openout3 = `PracticasEDNL.pyg'.

 (/Users/jose/Library/CloudStorage/OneDrive-alum.uca.es/UNI/Universidad/Notes/PDFs EDNL/PracticasEDNL/_minted-PracticasEDNL/EFEFDCAFB3FA019FE0086D3C9B328BFFFE898BF36090D6A06192B7DE27289821.pygtex [45]
Underfull \vbox (badness 10000) has occurred while \output is active []

 [46]) [47]
\openout3 = `PracticasEDNL.pyg'.

 (/Users/jose/Library/CloudStorage/OneDrive-alum.uca.es/UNI/Universidad/Notes/PDFs EDNL/PracticasEDNL/_minted-PracticasEDNL/8A694C6DF9945E9E1EB8E6C5794411D0FE898BF36090D6A06192B7DE27289821.pygtex
>>>>>>> 93454e9ea954e810ddfed0bce25729a22a237b1f

LaTeX Font Warning: Font shape `TS1/zi4/m/it' undefined
(Font)              using `TS1/zi4/m/n' instead
(Font)              for symbol `textordmasculine' on input line 34.

LaTeX Font Info:    Font shape `TS1/zi4/m/it' will be
(Font)              scaled to size 10.95pt on input line 34.
[48]
Underfull \vbox (badness 10000) has occurred while \output is active []

 [49]
Underfull \vbox (badness 10000) has occurred while \output is active []

 [50])
Underfull \vbox (badness 10000) has occurred while \output is active []

 [51]
\openout3 = `PracticasEDNL.pyg'.

<<<<<<< HEAD

(./_minted-PracticasEDNL/EF8C7693758C5A66ABC46FFC6E32AF50FE898BF36090D6A06192B7
DE27289821.pygtex [48])
\openout3 = `PracticasEDNL.pyg'.


(./_minted-PracticasEDNL/946C32090EF4272DEC5E1B0F862A7E1DFE898BF36090D6A06192B7
DE27289821.pygtex [49])
Underfull \vbox (badness 2165) has occurred while \output is active []

 [50]
\openout3 = `PracticasEDNL.pyg'.


(./_minted-PracticasEDNL/833D6C2AB9F3936930E71D1FB0A5B5A4FE898BF36090D6A06192B7
DE27289821.pygtex [51])) (./chaps/Grafos/P8.tex
\openout3 = `PracticasEDNL.pyg'.


(./_minted-PracticasEDNL/F85D73F28B11D98BB99E3AAC7BE41A91FE898BF36090D6A06192B7
DE27289821.pygtex [52])
\openout3 = `PracticasEDNL.pyg'.

runsystem(pygmentize -l 'C++' -f latex -P commandprefix=PYG -F tokenmerge -P st
ripnl='False' -o _minted-PracticasEDNL/A3E1E21CEA00BE08493C276B87008678FE898BF3
6090D6A06192B7DE27289821.pygtex PracticasEDNL.pyg)...disabled (restricted).



! Package minted Error: Missing Pygments output; \inputminted was
probably given a file that does not exist--otherwise, you may need 
the outputdir package option, or may be using an incompatible build tool,
or may be using frozencache with a missing file.

See the minted package documentation for explanation.
Type  H <return>  for immediate help.
 ...                                              
                                                  
l.110 \end{minted}
                  
This could be caused by using -output-directory or -aux-directory 
without setting minted's outputdir, or by using a build tool that 
changes paths in ways minted cannot detect, 
or using frozencache with a missing file.

[53]
\openout3 = `PracticasEDNL.pyg'.

runsystem(pygmentize -l 'C++' -f latex -P commandprefix=PYG -F tokenmerge -P st
ripnl='False' -o _minted-PracticasEDNL/1C7CAC8442A90D87342AF203CC829DAEFE898BF3
6090D6A06192B7DE27289821.pygtex PracticasEDNL.pyg)...disabled (restricted).



! Package minted Error: Missing Pygments output; \inputminted was
probably given a file that does not exist--otherwise, you may need 
the outputdir package option, or may be using an incompatible build tool,
or may be using frozencache with a missing file.

See the minted package documentation for explanation.
Type  H <return>  for immediate help.
 ...                                              
                                                  
l.196 \end{minted}
                  
This could be caused by using -output-directory or -aux-directory 
without setting minted's outputdir, or by using a build tool that 
changes paths in ways minted cannot detect, 
or using frozencache with a missing file.

\openout3 = `PracticasEDNL.pyg'.


(./_minted-PracticasEDNL/4825B65365C00424BBE1F301CE6A9496FE898BF36090D6A06192B7
DE27289821.pygtex [54])
\openout3 = `PracticasEDNL.pyg'.


(./_minted-PracticasEDNL/0E2E4D9E2FCEE2BEE19EDDA7FF6D397EFE898BF36090D6A06192B7
DE27289821.pygtex)
\openout3 = `PracticasEDNL.pyg'.


(./_minted-PracticasEDNL/887B8F01D2818294E513DCFB1E329B42FE898BF36090D6A06192B7
DE27289821.pygtex [55])
\openout3 = `PracticasEDNL.pyg'.


(./_minted-PracticasEDNL/52C84175BAFDC15CFBC71C9CBE439511FE898BF36090D6A06192B7
DE27289821.pygtex [56])
\openout3 = `PracticasEDNL.pyg'.


(./_minted-PracticasEDNL/AAE5731252A4BC89CBE6F53066459944FE898BF36090D6A06192B7
DE27289821.pygtex [57]
Underfull \vbox (badness 10000) has occurred while \output is active []

 [58])))
=======
 (/Users/jose/Library/CloudStorage/OneDrive-alum.uca.es/UNI/Universidad/Notes/PDFs EDNL/PracticasEDNL/_minted-PracticasEDNL/EF8C7693758C5A66ABC46FFC6E32AF50FE898BF36090D6A06192B7DE27289821.pygtex [52])
\openout3 = `PracticasEDNL.pyg'.

 (/Users/jose/Library/CloudStorage/OneDrive-alum.uca.es/UNI/Universidad/Notes/PDFs EDNL/PracticasEDNL/_minted-PracticasEDNL/946C32090EF4272DEC5E1B0F862A7E1DFE898BF36090D6A06192B7DE27289821.pygtex [53])
\openout3 = `PracticasEDNL.pyg'.

 (/Users/jose/Library/CloudStorage/OneDrive-alum.uca.es/UNI/Universidad/Notes/PDFs EDNL/PracticasEDNL/_minted-PracticasEDNL/833D6C2AB9F3936930E71D1FB0A5B5A4FE898BF36090D6A06192B7DE27289821.pygtex [54]
Underfull \vbox (badness 10000) has occurred while \output is active []

 [55])) [56] (/Users/jose/Library/CloudStorage/OneDrive-alum.uca.es/UNI/Universidad/Notes/PDFs EDNL/PracticasEDNL/chaps/Grafos/P8.tex
\openout3 = `PracticasEDNL.pyg'.

 (/Users/jose/Library/CloudStorage/OneDrive-alum.uca.es/UNI/Universidad/Notes/PDFs EDNL/PracticasEDNL/_minted-PracticasEDNL/F85D73F28B11D98BB99E3AAC7BE41A91FE898BF36090D6A06192B7DE27289821.pygtex)
\openout3 = `PracticasEDNL.pyg'.

 (/Users/jose/Library/CloudStorage/OneDrive-alum.uca.es/UNI/Universidad/Notes/PDFs EDNL/PracticasEDNL/_minted-PracticasEDNL/222239A27555DA52DDDBC2F0D1E383C2FE898BF36090D6A06192B7DE27289821.pygtex [57]
Underfull \vbox (badness 10000) has occurred while \output is active []

 [58]) [59]
\openout3 = `PracticasEDNL.pyg'.

 (/Users/jose/Library/CloudStorage/OneDrive-alum.uca.es/UNI/Universidad/Notes/PDFs EDNL/PracticasEDNL/_minted-PracticasEDNL/BE7BCFE9E68E5F731350213601943EDDFE898BF36090D6A06192B7DE27289821.pygtex
Underfull \vbox (badness 2401) has occurred while \output is active []

 [60])
\openout3 = `PracticasEDNL.pyg'.

 (/Users/jose/Library/CloudStorage/OneDrive-alum.uca.es/UNI/Universidad/Notes/PDFs EDNL/PracticasEDNL/_minted-PracticasEDNL/4825B65365C00424BBE1F301CE6A9496FE898BF36090D6A06192B7DE27289821.pygtex) [61]
\openout3 = `PracticasEDNL.pyg'.

 (/Users/jose/Library/CloudStorage/OneDrive-alum.uca.es/UNI/Universidad/Notes/PDFs EDNL/PracticasEDNL/_minted-PracticasEDNL/0E2E4D9E2FCEE2BEE19EDDA7FF6D397EFE898BF36090D6A06192B7DE27289821.pygtex)
\openout3 = `PracticasEDNL.pyg'.

 (/Users/jose/Library/CloudStorage/OneDrive-alum.uca.es/UNI/Universidad/Notes/PDFs EDNL/PracticasEDNL/_minted-PracticasEDNL/887B8F01D2818294E513DCFB1E329B42FE898BF36090D6A06192B7DE27289821.pygtex) [62]
\openout3 = `PracticasEDNL.pyg'.

 (/Users/jose/Library/CloudStorage/OneDrive-alum.uca.es/UNI/Universidad/Notes/PDFs EDNL/PracticasEDNL/_minted-PracticasEDNL/52C84175BAFDC15CFBC71C9CBE439511FE898BF36090D6A06192B7DE27289821.pygtex) [63]
\openout3 = `PracticasEDNL.pyg'.

 (/Users/jose/Library/CloudStorage/OneDrive-alum.uca.es/UNI/Universidad/Notes/PDFs EDNL/PracticasEDNL/_minted-PracticasEDNL/AAE5731252A4BC89CBE6F53066459944FE898BF36090D6A06192B7DE27289821.pygtex [64]
Underfull \vbox (badness 10000) has occurred while \output is active []

 [65])))
>>>>>>> 93454e9ea954e810ddfed0bce25729a22a237b1f

Package caption Warning: Unused \captionsetup[table] on input line 29.
See the caption package documentation for explanation.

<<<<<<< HEAD
runsystem(rm _minted-PracticasEDNL/B59C9870FFA794C56BA35517C4A43AFFFE898BF36090
D6A06192B7DE27289821.pygtex)...disabled (restricted).

runsystem(rm _minted-PracticasEDNL/D18574848B8AF0839949000B5E655C34FE898BF36090
D6A06192B7DE27289821.pygtex)...disabled (restricted).

[59] (./PracticasEDNL.aux
LaTeX Info: Redefining \. on input line 22.
LaTeX Info: Redefining \% on input line 22.
LaTeX Info: Redefining \. on input line 23.
LaTeX Info: Redefining \% on input line 23.
=======
[66] (/Users/jose/Library/CloudStorage/OneDrive-alum.uca.es/UNI/Universidad/Notes/PDFs EDNL/PracticasEDNL/PracticasEDNL.aux
LaTeX Info: Redefining \. on input line 11.
LaTeX Info: Redefining \% on input line 11.
LaTeX Info: Redefining \. on input line 12.
LaTeX Info: Redefining \% on input line 12.
>>>>>>> 93454e9ea954e810ddfed0bce25729a22a237b1f
)

LaTeX Font Warning: Some font shapes were not available, defaults substituted.


LaTeX Warning: Label(s) may have changed. Rerun to get cross-references right.

Package rerunfilecheck Info: File `PracticasEDNL.out' has not changed.
(rerunfilecheck)             Checksum: 661C431B7ABEEC5C200820EC272C7273;2525.
runsystem(rm PracticasEDNL.pyg)...disabled (restricted).

 ) 
Here is how much of TeX's memory you used:
<<<<<<< HEAD
 31579 strings out of 476041
 612854 string characters out of 5793164
 1868388 words of memory out of 6000000
 51170 multiletter control sequences out of 15000+600000
 523817 words of font info for 75 fonts, out of 8000000 for 9000
 1137 hyphenation exceptions out of 8191
 104i,10n,97p,1278b,927s stack positions out of 10000i,1000n,20000p,200000b,200000s
</usr/share/texlive/texmf-dist/fonts/type1/public/inconsolata/Inconsolata-zi4
b.pfb></usr/share/texlive/texmf-dist/fonts/type1/public/inconsolata/Inconsolata
-zi4r.pfb></usr/share/texlive/texmf-dist/fonts/type1/public/amsfonts/cm/cmbx10.
pfb></usr/share/texlive/texmf-dist/fonts/type1/public/amsfonts/cm/cmbx12.pfb></
usr/share/texlive/texmf-dist/fonts/type1/public/amsfonts/cm/cmmi10.pfb></usr/sh
are/texlive/texmf-dist/fonts/type1/public/amsfonts/cm/cmmi6.pfb></usr/share/tex
live/texmf-dist/fonts/type1/public/amsfonts/cm/cmmi8.pfb></usr/share/texlive/te
xmf-dist/fonts/type1/public/amsfonts/cm/cmr10.pfb></usr/share/texlive/texmf-dis
t/fonts/type1/public/amsfonts/cm/cmr8.pfb></usr/share/texlive/texmf-dist/fonts/
type1/public/amsfonts/cm/cmsy10.pfb></usr/share/texlive/texmf-dist/fonts/type1/
public/amsfonts/cm/cmsy6.pfb></usr/share/texlive/texmf-dist/fonts/type1/public/
amsfonts/cm/cmti10.pfb></usr/share/texlive/texmf-dist/fonts/type1/public/cm-sup
er/sfbx1095.pfb></usr/share/texlive/texmf-dist/fonts/type1/public/cm-super/sfrm
1095.pfb>
Output written on PracticasEDNL.pdf (59 pages, 604590 bytes).
PDF statistics:
 456 PDF objects out of 1000 (max. 8388607)
 354 compressed objects within 4 object streams
 101 named destinations out of 1000 (max. 500000)
=======
 31668 strings out of 474116
 636020 string characters out of 5743682
 1945187 words of memory out of 5000000
 53164 multiletter control sequences out of 15000+600000
 569599 words of font info for 79 fonts, out of 8000000 for 9000
 1141 hyphenation exceptions out of 8191
 104i,10n,104p,1278b,938s stack positions out of 10000i,1000n,20000p,200000b,200000s
</usr/local/texlive/2024/texmf-dist/fonts/type1/public/inconsolata/Inconsolata-zi4b.pfb></usr/local/texlive/2024/texmf-dist/fonts/type1/public/inconsolata/Inconsolata-zi4r.pfb></usr/local/texlive/2024/texmf-dist/fonts/type1/public/amsfonts/cm/cmbx10.pfb></usr/local/texlive/2024/texmf-dist/fonts/type1/public/amsfonts/cm/cmbx12.pfb></usr/local/texlive/2024/texmf-dist/fonts/type1/public/amsfonts/cm/cmmi10.pfb></usr/local/texlive/2024/texmf-dist/fonts/type1/public/amsfonts/cm/cmmi6.pfb></usr/local/texlive/2024/texmf-dist/fonts/type1/public/amsfonts/cm/cmmi8.pfb></usr/local/texlive/2024/texmf-dist/fonts/type1/public/amsfonts/cm/cmr10.pfb></usr/local/texlive/2024/texmf-dist/fonts/type1/public/amsfonts/cm/cmr8.pfb></usr/local/texlive/2024/texmf-dist/fonts/type1/public/amsfonts/cm/cmsy10.pfb></usr/local/texlive/2024/texmf-dist/fonts/type1/public/amsfonts/cm/cmsy6.pfb></usr/local/texlive/2024/texmf-dist/fonts/type1/public/amsfonts/cm/cmti10.pfb></usr/local/texlive/2024/texmf-dist/fonts/type1/public/cm-super/sfbx1095.pfb></usr/local/texlive/2024/texmf-dist/fonts/type1/public/cm-super/sfrm1095.pfb>
Output written on "/Users/jose/Library/CloudStorage/OneDrive-alum.uca.es/UNI/Universidad/Notes/PDFs EDNL/PracticasEDNL/PracticasEDNL.pdf" (66 pages, 627702 bytes).
PDF statistics:
 486 PDF objects out of 1000 (max. 8388607)
 377 compressed objects within 4 object streams
 108 named destinations out of 1000 (max. 500000)
>>>>>>> 93454e9ea954e810ddfed0bce25729a22a237b1f
 128 words of extra memory for PDF output out of 10000 (max. 10000000)

